2020-03-16 20:24:28.740  INFO 6952 --- [main] com.exam.OnlineExamApplication           : Starting OnlineExamApplication on LAPTOP-G4GE5M7N with PID 6952 (D:\DevTools\eclipse_workspace\OnlineExam\target\classes started by HungKuei in D:\DevTools\eclipse_workspace\OnlineExam)
2020-03-16 20:24:28.751 DEBUG 6952 --- [main] com.exam.OnlineExamApplication           : Running with Spring Boot v2.0.2.RELEASE, Spring v5.0.6.RELEASE
2020-03-16 20:24:28.753  INFO 6952 --- [main] com.exam.OnlineExamApplication           : No active profile set, falling back to default profiles: default
2020-03-16 20:24:32.623 DEBUG 6952 --- [main] t.m.s.mapper.ClassPathMapperScanner      : Identified candidate component class: file [D:\DevTools\eclipse_workspace\OnlineExam\target\classes\com\exam\mapper\ClassesMapper.class]
2020-03-16 20:24:32.625 DEBUG 6952 --- [main] t.m.s.mapper.ClassPathMapperScanner      : Identified candidate component class: file [D:\DevTools\eclipse_workspace\OnlineExam\target\classes\com\exam\mapper\CommentMapper.class]
2020-03-16 20:24:32.625 DEBUG 6952 --- [main] t.m.s.mapper.ClassPathMapperScanner      : Identified candidate component class: file [D:\DevTools\eclipse_workspace\OnlineExam\target\classes\com\exam\mapper\ExaminationMapper.class]
2020-03-16 20:24:32.626 DEBUG 6952 --- [main] t.m.s.mapper.ClassPathMapperScanner      : Identified candidate component class: file [D:\DevTools\eclipse_workspace\OnlineExam\target\classes\com\exam\mapper\ExamQuestionMapper.class]
2020-03-16 20:24:32.626 DEBUG 6952 --- [main] t.m.s.mapper.ClassPathMapperScanner      : Identified candidate component class: file [D:\DevTools\eclipse_workspace\OnlineExam\target\classes\com\exam\mapper\GradeMapper.class]
2020-03-16 20:24:32.626 DEBUG 6952 --- [main] t.m.s.mapper.ClassPathMapperScanner      : Identified candidate component class: file [D:\DevTools\eclipse_workspace\OnlineExam\target\classes\com\exam\mapper\InstituteMapper.class]
2020-03-16 20:24:32.626 DEBUG 6952 --- [main] t.m.s.mapper.ClassPathMapperScanner      : Identified candidate component class: file [D:\DevTools\eclipse_workspace\OnlineExam\target\classes\com\exam\mapper\LinkMapper.class]
2020-03-16 20:24:32.626 DEBUG 6952 --- [main] t.m.s.mapper.ClassPathMapperScanner      : Identified candidate component class: file [D:\DevTools\eclipse_workspace\OnlineExam\target\classes\com\exam\mapper\LoveMapper.class]
2020-03-16 20:24:32.627 DEBUG 6952 --- [main] t.m.s.mapper.ClassPathMapperScanner      : Identified candidate component class: file [D:\DevTools\eclipse_workspace\OnlineExam\target\classes\com\exam\mapper\PermissionMapper.class]
2020-03-16 20:24:32.628 DEBUG 6952 --- [main] t.m.s.mapper.ClassPathMapperScanner      : Identified candidate component class: file [D:\DevTools\eclipse_workspace\OnlineExam\target\classes\com\exam\mapper\QuestionMapper.class]
2020-03-16 20:24:32.628 DEBUG 6952 --- [main] t.m.s.mapper.ClassPathMapperScanner      : Identified candidate component class: file [D:\DevTools\eclipse_workspace\OnlineExam\target\classes\com\exam\mapper\RoleMapper.class]
2020-03-16 20:24:32.628 DEBUG 6952 --- [main] t.m.s.mapper.ClassPathMapperScanner      : Identified candidate component class: file [D:\DevTools\eclipse_workspace\OnlineExam\target\classes\com\exam\mapper\RolePermissionMapper.class]
2020-03-16 20:24:32.628 DEBUG 6952 --- [main] t.m.s.mapper.ClassPathMapperScanner      : Identified candidate component class: file [D:\DevTools\eclipse_workspace\OnlineExam\target\classes\com\exam\mapper\SubjectMapper.class]
2020-03-16 20:24:32.628 DEBUG 6952 --- [main] t.m.s.mapper.ClassPathMapperScanner      : Identified candidate component class: file [D:\DevTools\eclipse_workspace\OnlineExam\target\classes\com\exam\mapper\SysConfigMapper.class]
2020-03-16 20:24:32.629 DEBUG 6952 --- [main] t.m.s.mapper.ClassPathMapperScanner      : Identified candidate component class: file [D:\DevTools\eclipse_workspace\OnlineExam\target\classes\com\exam\mapper\TagMapper.class]
2020-03-16 20:24:32.629 DEBUG 6952 --- [main] t.m.s.mapper.ClassPathMapperScanner      : Identified candidate component class: file [D:\DevTools\eclipse_workspace\OnlineExam\target\classes\com\exam\mapper\UserMapper.class]
2020-03-16 20:24:32.629 DEBUG 6952 --- [main] t.m.s.mapper.ClassPathMapperScanner      : Identified candidate component class: file [D:\DevTools\eclipse_workspace\OnlineExam\target\classes\com\exam\mapper\UserRoleMapper.class]
2020-03-16 20:24:32.629 DEBUG 6952 --- [main] t.m.s.mapper.ClassPathMapperScanner      : Creating MapperFactoryBean with name 'classesMapper' and 'com.exam.mapper.ClassesMapper' mapperInterface
2020-03-16 20:24:32.630 DEBUG 6952 --- [main] t.m.s.mapper.ClassPathMapperScanner      : Enabling autowire by type for MapperFactoryBean with name 'classesMapper'.
2020-03-16 20:24:32.630 DEBUG 6952 --- [main] t.m.s.mapper.ClassPathMapperScanner      : Creating MapperFactoryBean with name 'commentMapper' and 'com.exam.mapper.CommentMapper' mapperInterface
2020-03-16 20:24:32.630 DEBUG 6952 --- [main] t.m.s.mapper.ClassPathMapperScanner      : Enabling autowire by type for MapperFactoryBean with name 'commentMapper'.
2020-03-16 20:24:32.630 DEBUG 6952 --- [main] t.m.s.mapper.ClassPathMapperScanner      : Creating MapperFactoryBean with name 'examinationMapper' and 'com.exam.mapper.ExaminationMapper' mapperInterface
2020-03-16 20:24:32.630 DEBUG 6952 --- [main] t.m.s.mapper.ClassPathMapperScanner      : Enabling autowire by type for MapperFactoryBean with name 'examinationMapper'.
2020-03-16 20:24:32.630 DEBUG 6952 --- [main] t.m.s.mapper.ClassPathMapperScanner      : Creating MapperFactoryBean with name 'examQuestionMapper' and 'com.exam.mapper.ExamQuestionMapper' mapperInterface
2020-03-16 20:24:32.630 DEBUG 6952 --- [main] t.m.s.mapper.ClassPathMapperScanner      : Enabling autowire by type for MapperFactoryBean with name 'examQuestionMapper'.
2020-03-16 20:24:32.630 DEBUG 6952 --- [main] t.m.s.mapper.ClassPathMapperScanner      : Creating MapperFactoryBean with name 'gradeMapper' and 'com.exam.mapper.GradeMapper' mapperInterface
2020-03-16 20:24:32.630 DEBUG 6952 --- [main] t.m.s.mapper.ClassPathMapperScanner      : Enabling autowire by type for MapperFactoryBean with name 'gradeMapper'.
2020-03-16 20:24:32.630 DEBUG 6952 --- [main] t.m.s.mapper.ClassPathMapperScanner      : Creating MapperFactoryBean with name 'instituteMapper' and 'com.exam.mapper.InstituteMapper' mapperInterface
2020-03-16 20:24:32.630 DEBUG 6952 --- [main] t.m.s.mapper.ClassPathMapperScanner      : Enabling autowire by type for MapperFactoryBean with name 'instituteMapper'.
2020-03-16 20:24:32.631 DEBUG 6952 --- [main] t.m.s.mapper.ClassPathMapperScanner      : Creating MapperFactoryBean with name 'linkMapper' and 'com.exam.mapper.LinkMapper' mapperInterface
2020-03-16 20:24:32.631 DEBUG 6952 --- [main] t.m.s.mapper.ClassPathMapperScanner      : Enabling autowire by type for MapperFactoryBean with name 'linkMapper'.
2020-03-16 20:24:32.631 DEBUG 6952 --- [main] t.m.s.mapper.ClassPathMapperScanner      : Creating MapperFactoryBean with name 'loveMapper' and 'com.exam.mapper.LoveMapper' mapperInterface
2020-03-16 20:24:32.632 DEBUG 6952 --- [main] t.m.s.mapper.ClassPathMapperScanner      : Enabling autowire by type for MapperFactoryBean with name 'loveMapper'.
2020-03-16 20:24:32.637 DEBUG 6952 --- [main] t.m.s.mapper.ClassPathMapperScanner      : Creating MapperFactoryBean with name 'permissionMapper' and 'com.exam.mapper.PermissionMapper' mapperInterface
2020-03-16 20:24:32.638 DEBUG 6952 --- [main] t.m.s.mapper.ClassPathMapperScanner      : Enabling autowire by type for MapperFactoryBean with name 'permissionMapper'.
2020-03-16 20:24:32.638 DEBUG 6952 --- [main] t.m.s.mapper.ClassPathMapperScanner      : Creating MapperFactoryBean with name 'questionMapper' and 'com.exam.mapper.QuestionMapper' mapperInterface
2020-03-16 20:24:32.638 DEBUG 6952 --- [main] t.m.s.mapper.ClassPathMapperScanner      : Enabling autowire by type for MapperFactoryBean with name 'questionMapper'.
2020-03-16 20:24:32.638 DEBUG 6952 --- [main] t.m.s.mapper.ClassPathMapperScanner      : Creating MapperFactoryBean with name 'roleMapper' and 'com.exam.mapper.RoleMapper' mapperInterface
2020-03-16 20:24:32.638 DEBUG 6952 --- [main] t.m.s.mapper.ClassPathMapperScanner      : Enabling autowire by type for MapperFactoryBean with name 'roleMapper'.
2020-03-16 20:24:32.638 DEBUG 6952 --- [main] t.m.s.mapper.ClassPathMapperScanner      : Creating MapperFactoryBean with name 'rolePermissionMapper' and 'com.exam.mapper.RolePermissionMapper' mapperInterface
2020-03-16 20:24:32.638 DEBUG 6952 --- [main] t.m.s.mapper.ClassPathMapperScanner      : Enabling autowire by type for MapperFactoryBean with name 'rolePermissionMapper'.
2020-03-16 20:24:32.638 DEBUG 6952 --- [main] t.m.s.mapper.ClassPathMapperScanner      : Creating MapperFactoryBean with name 'subjectMapper' and 'com.exam.mapper.SubjectMapper' mapperInterface
2020-03-16 20:24:32.638 DEBUG 6952 --- [main] t.m.s.mapper.ClassPathMapperScanner      : Enabling autowire by type for MapperFactoryBean with name 'subjectMapper'.
2020-03-16 20:24:32.638 DEBUG 6952 --- [main] t.m.s.mapper.ClassPathMapperScanner      : Creating MapperFactoryBean with name 'sysConfigMapper' and 'com.exam.mapper.SysConfigMapper' mapperInterface
2020-03-16 20:24:32.638 DEBUG 6952 --- [main] t.m.s.mapper.ClassPathMapperScanner      : Enabling autowire by type for MapperFactoryBean with name 'sysConfigMapper'.
2020-03-16 20:24:32.639 DEBUG 6952 --- [main] t.m.s.mapper.ClassPathMapperScanner      : Creating MapperFactoryBean with name 'tagMapper' and 'com.exam.mapper.TagMapper' mapperInterface
2020-03-16 20:24:32.639 DEBUG 6952 --- [main] t.m.s.mapper.ClassPathMapperScanner      : Enabling autowire by type for MapperFactoryBean with name 'tagMapper'.
2020-03-16 20:24:32.639 DEBUG 6952 --- [main] t.m.s.mapper.ClassPathMapperScanner      : Creating MapperFactoryBean with name 'userMapper' and 'com.exam.mapper.UserMapper' mapperInterface
2020-03-16 20:24:32.639 DEBUG 6952 --- [main] t.m.s.mapper.ClassPathMapperScanner      : Enabling autowire by type for MapperFactoryBean with name 'userMapper'.
2020-03-16 20:24:32.639 DEBUG 6952 --- [main] t.m.s.mapper.ClassPathMapperScanner      : Creating MapperFactoryBean with name 'userRoleMapper' and 'com.exam.mapper.UserRoleMapper' mapperInterface
2020-03-16 20:24:32.639 DEBUG 6952 --- [main] t.m.s.mapper.ClassPathMapperScanner      : Enabling autowire by type for MapperFactoryBean with name 'userRoleMapper'.
2020-03-16 20:24:38.544  INFO 6952 --- [main] com.alibaba.druid.pool.DruidDataSource   : {dataSource-1} inited
2020-03-16 20:24:38.551 DEBUG 6952 --- [main] c.e.m.PermissionMapper.selectAllPerms    : ==>  Preparing: SELECT id, permission_id, name, description, url, perms, parent_id, type, order_num, icon, status, create_time, update_time FROM permission WHERE status=? ORDER BY order_num 
2020-03-16 20:24:38.806 DEBUG 6952 --- [main] c.e.m.PermissionMapper.selectAllPerms    : ==> Parameters: 1(Integer)
2020-03-16 20:24:38.909 DEBUG 6952 --- [main] c.e.m.PermissionMapper.selectAllPerms    : <==      Total: 100
2020-03-16 20:24:39.506  INFO 6952 --- [main] o.apache.catalina.core.StandardService   : Starting service [Tomcat]
2020-03-16 20:24:39.506  INFO 6952 --- [main] org.apache.catalina.core.StandardEngine  : Starting Servlet Engine: Apache Tomcat/8.5.31
2020-03-16 20:24:39.518  INFO 6952 --- [localhost-startStop-1] o.a.catalina.core.AprLifecycleListener   : The APR based Apache Tomcat Native library which allows optimal performance in production environments was not found on the java.library.path: [D:\Java\jdk1.8.0_221\bin;C:\WINDOWS\Sun\Java\bin;C:\WINDOWS\system32;C:\WINDOWS;D:/Java/jre1.8.0_221/bin/server;D:/Java/jre1.8.0_221/bin;D:/Java/jre1.8.0_221/lib/amd64;C:\Program Files (x86)\Common Files\Oracle\Java\javapath;C:\Program Files (x86)\Intel\iCLS Client\;C:\Program Files\Intel\iCLS Client\;C:\Windows\system32;C:\Windows;C:\Windows\System32\Wbem;C:\Windows\System32\WindowsPowerShell\v1.0\;C:\Program Files (x86)\Intel\Intel(R) Management Engine Components\DAL;C:\Program Files\Intel\Intel(R) Management Engine Components\DAL;C:\Program Files (x86)\Intel\Intel(R) Management Engine Components\IPT;C:\Program Files\Intel\Intel(R) Management Engine Components\IPT;C:\Program Files (x86)\NVIDIA Corporation\PhysX\Common;C:\WINDOWS\system32;C:\WINDOWS;C:\WINDOWS\System32\Wbem;C:\WINDOWS\System32\WindowsPowerShell\v1.0\;C:\WINDOWS\System32\OpenSSH\;D:\Java\jdk1.8.0_221\bin;D:\DevTools\maven\apache-maven-3.5.4\bin;D:\DevTools\mysql\mysql-5.7.28-winx64\bin;D:\DevTools\Git\cmd;D:\DevTools\redis\Redis-x64-3.2.100;D:\DevTools\mq\rabbitmq\erl10.6\bin;D:\DevTools\nodejs\;C:\Users\HungKuei\AppData\Local\Microsoft\WindowsApps;C:\Users\HungKuei\AppData\Roaming\npm;D:\DevTools\eclipse;;.]
2020-03-16 20:24:39.772  INFO 6952 --- [localhost-startStop-1] o.a.c.c.C.[Tomcat].[localhost].[/]       : Initializing Spring embedded WebApplicationContext
2020-03-16 20:24:42.981  WARN 6952 --- [main] org.thymeleaf.templatemode.TemplateMode  : [THYMELEAF][main] Template Mode 'LEGACYHTML5' is deprecated. Using Template Mode 'HTML' instead.
2020-03-16 20:24:43.367  WARN 6952 --- [main] o.s.data.convert.CustomConversions       : Registering converter from class org.joda.time.LocalDateTime to class java.time.LocalDateTime as reading converter although it doesn't convert from a store-supported type! You might wanna check you annotation setup at the converter implementation.
2020-03-16 20:24:43.397  WARN 6952 --- [main] o.s.data.convert.CustomConversions       : Registering converter from class org.joda.time.LocalDateTime to class java.time.LocalDateTime as reading converter although it doesn't convert from a store-supported type! You might wanna check you annotation setup at the converter implementation.
2020-03-16 20:24:43.409  WARN 6952 --- [main] o.s.data.convert.CustomConversions       : Registering converter from class org.joda.time.LocalDateTime to class java.time.LocalDateTime as reading converter although it doesn't convert from a store-supported type! You might wanna check you annotation setup at the converter implementation.
2020-03-16 20:24:44.010  INFO 6952 --- [main] com.exam.OnlineExamApplication           : Started OnlineExamApplication in 15.878 seconds (JVM running for 16.725)
2020-03-16 20:25:01.493  INFO 6952 --- [http-nio-80-exec-10] o.a.c.c.C.[Tomcat].[localhost].[/]       : Initializing Spring FrameworkServlet 'dispatcherServlet'
2020-03-16 20:25:01.589  INFO 6952 --- [http-nio-80-exec-10] a.s.s.m.AbstractValidatingSessionManager : Enabling session validation scheduler...
2020-03-16 20:25:02.244  INFO 6952 --- [http-nio-80-exec-10] io.lettuce.core.EpollProvider            : Starting without optional epoll library
2020-03-16 20:25:02.247  INFO 6952 --- [http-nio-80-exec-10] io.lettuce.core.KqueueProvider           : Starting without optional kqueue library
2020-03-16 20:25:04.955 ERROR 6952 --- [http-nio-80-exec-10] org.thymeleaf.TemplateEngine             : [THYMELEAF][http-nio-80-exec-10] Exception processing template "index/index": An error happened during template parsing (template: "class path resource [templates/index/index.html]")

org.thymeleaf.exceptions.TemplateInputException: An error happened during template parsing (template: "class path resource [templates/index/index.html]")
	at org.thymeleaf.templateparser.markup.AbstractMarkupTemplateParser.parse(AbstractMarkupTemplateParser.java:241) ~[thymeleaf-3.0.9.RELEASE.jar:3.0.9.RELEASE]
	at org.thymeleaf.templateparser.markup.AbstractMarkupTemplateParser.parseStandalone(AbstractMarkupTemplateParser.java:100) ~[thymeleaf-3.0.9.RELEASE.jar:3.0.9.RELEASE]
	at org.thymeleaf.engine.TemplateManager.parseAndProcess(TemplateManager.java:666) ~[thymeleaf-3.0.9.RELEASE.jar:3.0.9.RELEASE]
	at org.thymeleaf.TemplateEngine.process(TemplateEngine.java:1098) [thymeleaf-3.0.9.RELEASE.jar:3.0.9.RELEASE]
	at org.thymeleaf.TemplateEngine.process(TemplateEngine.java:1072) [thymeleaf-3.0.9.RELEASE.jar:3.0.9.RELEASE]
	at org.thymeleaf.spring5.view.ThymeleafView.renderFragment(ThymeleafView.java:354) [thymeleaf-spring5-3.0.9.RELEASE.jar:3.0.9.RELEASE]
	at org.thymeleaf.spring5.view.ThymeleafView.render(ThymeleafView.java:187) [thymeleaf-spring5-3.0.9.RELEASE.jar:3.0.9.RELEASE]
	at org.springframework.web.servlet.DispatcherServlet.render(DispatcherServlet.java:1325) [spring-webmvc-5.0.6.RELEASE.jar:5.0.6.RELEASE]
	at org.springframework.web.servlet.DispatcherServlet.processDispatchResult(DispatcherServlet.java:1069) [spring-webmvc-5.0.6.RELEASE.jar:5.0.6.RELEASE]
	at org.springframework.web.servlet.DispatcherServlet.doDispatch(DispatcherServlet.java:1008) [spring-webmvc-5.0.6.RELEASE.jar:5.0.6.RELEASE]
	at org.springframework.web.servlet.DispatcherServlet.doService(DispatcherServlet.java:925) [spring-webmvc-5.0.6.RELEASE.jar:5.0.6.RELEASE]
	at org.springframework.web.servlet.FrameworkServlet.processRequest(FrameworkServlet.java:974) [spring-webmvc-5.0.6.RELEASE.jar:5.0.6.RELEASE]
	at org.springframework.web.servlet.FrameworkServlet.doGet(FrameworkServlet.java:866) [spring-webmvc-5.0.6.RELEASE.jar:5.0.6.RELEASE]
	at javax.servlet.http.HttpServlet.service(HttpServlet.java:635) [tomcat-embed-core-8.5.31.jar:8.5.31]
	at org.springframework.web.servlet.FrameworkServlet.service(FrameworkServlet.java:851) [spring-webmvc-5.0.6.RELEASE.jar:5.0.6.RELEASE]
	at javax.servlet.http.HttpServlet.service(HttpServlet.java:742) [tomcat-embed-core-8.5.31.jar:8.5.31]
	at org.apache.catalina.core.ApplicationFilterChain.internalDoFilter(ApplicationFilterChain.java:231) [tomcat-embed-core-8.5.31.jar:8.5.31]
	at org.apache.catalina.core.ApplicationFilterChain.doFilter(ApplicationFilterChain.java:166) [tomcat-embed-core-8.5.31.jar:8.5.31]
	at org.apache.tomcat.websocket.server.WsFilter.doFilter(WsFilter.java:52) [tomcat-embed-websocket-8.5.31.jar:8.5.31]
	at org.apache.catalina.core.ApplicationFilterChain.internalDoFilter(ApplicationFilterChain.java:193) [tomcat-embed-core-8.5.31.jar:8.5.31]
	at org.apache.catalina.core.ApplicationFilterChain.doFilter(ApplicationFilterChain.java:166) [tomcat-embed-core-8.5.31.jar:8.5.31]
	at org.apache.shiro.web.servlet.ProxiedFilterChain.doFilter(ProxiedFilterChain.java:61) [shiro-web-1.4.0.jar:1.4.0]
	at org.apache.shiro.web.servlet.AdviceFilter.executeChain(AdviceFilter.java:108) [shiro-web-1.4.0.jar:1.4.0]
	at org.apache.shiro.web.servlet.AdviceFilter.doFilterInternal(AdviceFilter.java:137) [shiro-web-1.4.0.jar:1.4.0]
	at org.apache.shiro.web.servlet.OncePerRequestFilter.doFilter(OncePerRequestFilter.java:125) [shiro-web-1.4.0.jar:1.4.0]
	at org.apache.shiro.web.servlet.ProxiedFilterChain.doFilter(ProxiedFilterChain.java:66) [shiro-web-1.4.0.jar:1.4.0]
	at org.apache.shiro.web.servlet.AbstractShiroFilter.executeChain(AbstractShiroFilter.java:449) [shiro-web-1.4.0.jar:1.4.0]
	at org.apache.shiro.web.servlet.AbstractShiroFilter$1.call(AbstractShiroFilter.java:365) [shiro-web-1.4.0.jar:1.4.0]
	at org.apache.shiro.subject.support.SubjectCallable.doCall(SubjectCallable.java:90) [shiro-core-1.4.0.jar:1.4.0]
	at org.apache.shiro.subject.support.SubjectCallable.call(SubjectCallable.java:83) [shiro-core-1.4.0.jar:1.4.0]
	at org.apache.shiro.subject.support.DelegatingSubject.execute(DelegatingSubject.java:387) [shiro-core-1.4.0.jar:1.4.0]
	at org.apache.shiro.web.servlet.AbstractShiroFilter.doFilterInternal(AbstractShiroFilter.java:362) [shiro-web-1.4.0.jar:1.4.0]
	at org.apache.shiro.web.servlet.OncePerRequestFilter.doFilter(OncePerRequestFilter.java:125) [shiro-web-1.4.0.jar:1.4.0]
	at org.apache.catalina.core.ApplicationFilterChain.internalDoFilter(ApplicationFilterChain.java:193) [tomcat-embed-core-8.5.31.jar:8.5.31]
	at org.apache.catalina.core.ApplicationFilterChain.doFilter(ApplicationFilterChain.java:166) [tomcat-embed-core-8.5.31.jar:8.5.31]
	at org.springframework.web.filter.RequestContextFilter.doFilterInternal(RequestContextFilter.java:99) [spring-web-5.0.6.RELEASE.jar:5.0.6.RELEASE]
	at org.springframework.web.filter.OncePerRequestFilter.doFilter(OncePerRequestFilter.java:107) [spring-web-5.0.6.RELEASE.jar:5.0.6.RELEASE]
	at org.apache.catalina.core.ApplicationFilterChain.internalDoFilter(ApplicationFilterChain.java:193) [tomcat-embed-core-8.5.31.jar:8.5.31]
	at org.apache.catalina.core.ApplicationFilterChain.doFilter(ApplicationFilterChain.java:166) [tomcat-embed-core-8.5.31.jar:8.5.31]
	at org.springframework.web.filter.HttpPutFormContentFilter.doFilterInternal(HttpPutFormContentFilter.java:109) [spring-web-5.0.6.RELEASE.jar:5.0.6.RELEASE]
	at org.springframework.web.filter.OncePerRequestFilter.doFilter(OncePerRequestFilter.java:107) [spring-web-5.0.6.RELEASE.jar:5.0.6.RELEASE]
	at org.apache.catalina.core.ApplicationFilterChain.internalDoFilter(ApplicationFilterChain.java:193) [tomcat-embed-core-8.5.31.jar:8.5.31]
	at org.apache.catalina.core.ApplicationFilterChain.doFilter(ApplicationFilterChain.java:166) [tomcat-embed-core-8.5.31.jar:8.5.31]
	at org.springframework.web.filter.HiddenHttpMethodFilter.doFilterInternal(HiddenHttpMethodFilter.java:81) [spring-web-5.0.6.RELEASE.jar:5.0.6.RELEASE]
	at org.springframework.web.filter.OncePerRequestFilter.doFilter(OncePerRequestFilter.java:107) [spring-web-5.0.6.RELEASE.jar:5.0.6.RELEASE]
	at org.apache.catalina.core.ApplicationFilterChain.internalDoFilter(ApplicationFilterChain.java:193) [tomcat-embed-core-8.5.31.jar:8.5.31]
	at org.apache.catalina.core.ApplicationFilterChain.doFilter(ApplicationFilterChain.java:166) [tomcat-embed-core-8.5.31.jar:8.5.31]
	at org.springframework.web.filter.CharacterEncodingFilter.doFilterInternal(CharacterEncodingFilter.java:200) [spring-web-5.0.6.RELEASE.jar:5.0.6.RELEASE]
	at org.springframework.web.filter.OncePerRequestFilter.doFilter(OncePerRequestFilter.java:107) [spring-web-5.0.6.RELEASE.jar:5.0.6.RELEASE]
	at org.apache.catalina.core.ApplicationFilterChain.internalDoFilter(ApplicationFilterChain.java:193) [tomcat-embed-core-8.5.31.jar:8.5.31]
	at org.apache.catalina.core.ApplicationFilterChain.doFilter(ApplicationFilterChain.java:166) [tomcat-embed-core-8.5.31.jar:8.5.31]
	at org.apache.catalina.core.StandardWrapperValve.invoke(StandardWrapperValve.java:198) [tomcat-embed-core-8.5.31.jar:8.5.31]
	at org.apache.catalina.core.StandardContextValve.invoke(StandardContextValve.java:96) [tomcat-embed-core-8.5.31.jar:8.5.31]
	at org.apache.catalina.authenticator.AuthenticatorBase.invoke(AuthenticatorBase.java:496) [tomcat-embed-core-8.5.31.jar:8.5.31]
	at org.apache.catalina.core.StandardHostValve.invoke(StandardHostValve.java:140) [tomcat-embed-core-8.5.31.jar:8.5.31]
	at org.apache.catalina.valves.ErrorReportValve.invoke(ErrorReportValve.java:81) [tomcat-embed-core-8.5.31.jar:8.5.31]
	at org.apache.catalina.core.StandardEngineValve.invoke(StandardEngineValve.java:87) [tomcat-embed-core-8.5.31.jar:8.5.31]
	at org.apache.catalina.connector.CoyoteAdapter.service(CoyoteAdapter.java:342) [tomcat-embed-core-8.5.31.jar:8.5.31]
	at org.apache.coyote.http11.Http11Processor.service(Http11Processor.java:803) [tomcat-embed-core-8.5.31.jar:8.5.31]
	at org.apache.coyote.AbstractProcessorLight.process(AbstractProcessorLight.java:66) [tomcat-embed-core-8.5.31.jar:8.5.31]
	at org.apache.coyote.AbstractProtocol$ConnectionHandler.process(AbstractProtocol.java:790) [tomcat-embed-core-8.5.31.jar:8.5.31]
	at org.apache.tomcat.util.net.NioEndpoint$SocketProcessor.doRun(NioEndpoint.java:1468) [tomcat-embed-core-8.5.31.jar:8.5.31]
	at org.apache.tomcat.util.net.SocketProcessorBase.run(SocketProcessorBase.java:49) [tomcat-embed-core-8.5.31.jar:8.5.31]
	at java.util.concurrent.ThreadPoolExecutor.runWorker(ThreadPoolExecutor.java:1149) [na:1.8.0_221]
	at java.util.concurrent.ThreadPoolExecutor$Worker.run(ThreadPoolExecutor.java:624) [na:1.8.0_221]
	at org.apache.tomcat.util.threads.TaskThread$WrappingRunnable.run(TaskThread.java:61) [tomcat-embed-core-8.5.31.jar:8.5.31]
	at java.lang.Thread.run(Thread.java:748) [na:1.8.0_221]
Caused by: org.attoparser.ParseException: Exception evaluating SpringEL expression: "@module.get('sysConfig').SITE_NAME" (template: "index/index" - line 6, col 9)
	at org.attoparser.MarkupParser.parseDocument(MarkupParser.java:393) ~[attoparser-2.0.4.RELEASE.jar:2.0.4.RELEASE]
	at org.attoparser.MarkupParser.parse(MarkupParser.java:257) ~[attoparser-2.0.4.RELEASE.jar:2.0.4.RELEASE]
	at org.thymeleaf.templateparser.markup.AbstractMarkupTemplateParser.parse(AbstractMarkupTemplateParser.java:230) ~[thymeleaf-3.0.9.RELEASE.jar:3.0.9.RELEASE]
	... 66 common frames omitted
Caused by: org.thymeleaf.exceptions.TemplateProcessingException: Exception evaluating SpringEL expression: "@module.get('sysConfig').SITE_NAME" (template: "index/index" - line 6, col 9)
	at org.thymeleaf.spring5.expression.SPELVariableExpressionEvaluator.evaluate(SPELVariableExpressionEvaluator.java:290) ~[thymeleaf-spring5-3.0.9.RELEASE.jar:3.0.9.RELEASE]
	at org.thymeleaf.standard.expression.VariableExpression.executeVariableExpression(VariableExpression.java:165) ~[thymeleaf-3.0.9.RELEASE.jar:3.0.9.RELEASE]
	at org.thymeleaf.standard.expression.SimpleExpression.executeSimple(SimpleExpression.java:66) ~[thymeleaf-3.0.9.RELEASE.jar:3.0.9.RELEASE]
	at org.thymeleaf.standard.expression.Expression.execute(Expression.java:109) ~[thymeleaf-3.0.9.RELEASE.jar:3.0.9.RELEASE]
	at org.thymeleaf.standard.expression.Expression.execute(Expression.java:138) ~[thymeleaf-3.0.9.RELEASE.jar:3.0.9.RELEASE]
	at org.thymeleaf.standard.processor.AbstractStandardExpressionAttributeTagProcessor.doProcess(AbstractStandardExpressionAttributeTagProcessor.java:126) ~[thymeleaf-3.0.9.RELEASE.jar:3.0.9.RELEASE]
	at org.thymeleaf.processor.element.AbstractAttributeTagProcessor.doProcess(AbstractAttributeTagProcessor.java:74) ~[thymeleaf-3.0.9.RELEASE.jar:3.0.9.RELEASE]
	at org.thymeleaf.processor.element.AbstractElementTagProcessor.process(AbstractElementTagProcessor.java:95) ~[thymeleaf-3.0.9.RELEASE.jar:3.0.9.RELEASE]
	at org.thymeleaf.util.ProcessorConfigurationUtils$ElementTagProcessorWrapper.process(ProcessorConfigurationUtils.java:633) ~[thymeleaf-3.0.9.RELEASE.jar:3.0.9.RELEASE]
	at org.thymeleaf.engine.ProcessorTemplateHandler.handleOpenElement(ProcessorTemplateHandler.java:1314) ~[thymeleaf-3.0.9.RELEASE.jar:3.0.9.RELEASE]
	at org.thymeleaf.engine.TemplateHandlerAdapterMarkupHandler.handleOpenElementEnd(TemplateHandlerAdapterMarkupHandler.java:304) ~[thymeleaf-3.0.9.RELEASE.jar:3.0.9.RELEASE]
	at org.thymeleaf.templateparser.markup.InlinedOutputExpressionMarkupHandler$InlineMarkupAdapterPreProcessorHandler.handleOpenElementEnd(InlinedOutputExpressionMarkupHandler.java:278) ~[thymeleaf-3.0.9.RELEASE.jar:3.0.9.RELEASE]
	at org.thymeleaf.standard.inline.OutputExpressionInlinePreProcessorHandler.handleOpenElementEnd(OutputExpressionInlinePreProcessorHandler.java:186) ~[thymeleaf-3.0.9.RELEASE.jar:3.0.9.RELEASE]
	at org.thymeleaf.templateparser.markup.InlinedOutputExpressionMarkupHandler.handleOpenElementEnd(InlinedOutputExpressionMarkupHandler.java:124) ~[thymeleaf-3.0.9.RELEASE.jar:3.0.9.RELEASE]
	at org.attoparser.HtmlElement.handleOpenElementEnd(HtmlElement.java:109) ~[attoparser-2.0.4.RELEASE.jar:2.0.4.RELEASE]
	at org.attoparser.HtmlMarkupHandler.handleOpenElementEnd(HtmlMarkupHandler.java:297) ~[attoparser-2.0.4.RELEASE.jar:2.0.4.RELEASE]
	at org.attoparser.MarkupEventProcessorHandler.handleOpenElementEnd(MarkupEventProcessorHandler.java:402) ~[attoparser-2.0.4.RELEASE.jar:2.0.4.RELEASE]
	at org.attoparser.ParsingElementMarkupUtil.parseOpenElement(ParsingElementMarkupUtil.java:159) ~[attoparser-2.0.4.RELEASE.jar:2.0.4.RELEASE]
	at org.attoparser.MarkupParser.parseBuffer(MarkupParser.java:710) ~[attoparser-2.0.4.RELEASE.jar:2.0.4.RELEASE]
	at org.attoparser.MarkupParser.parseDocument(MarkupParser.java:301) ~[attoparser-2.0.4.RELEASE.jar:2.0.4.RELEASE]
	... 68 common frames omitted
Caused by: org.springframework.data.redis.RedisConnectionFailureException: Unable to connect to Redis; nested exception is io.lettuce.core.RedisConnectionException: Unable to connect to localhost:6379
	at org.springframework.data.redis.connection.lettuce.LettuceConnectionFactory$SharedConnection.getNativeConnection(LettuceConnectionFactory.java:964) ~[spring-data-redis-2.0.7.RELEASE.jar:2.0.7.RELEASE]
	at org.springframework.data.redis.connection.lettuce.LettuceConnectionFactory$SharedConnection.getConnection(LettuceConnectionFactory.java:932) ~[spring-data-redis-2.0.7.RELEASE.jar:2.0.7.RELEASE]
	at org.springframework.data.redis.connection.lettuce.LettuceConnectionFactory.getSharedConnection(LettuceConnectionFactory.java:785) ~[spring-data-redis-2.0.7.RELEASE.jar:2.0.7.RELEASE]
	at org.springframework.data.redis.connection.lettuce.LettuceConnectionFactory.getConnection(LettuceConnectionFactory.java:299) ~[spring-data-redis-2.0.7.RELEASE.jar:2.0.7.RELEASE]
	at org.springframework.data.redis.core.RedisConnectionUtils.doGetConnection(RedisConnectionUtils.java:132) ~[spring-data-redis-2.0.7.RELEASE.jar:2.0.7.RELEASE]
	at org.springframework.data.redis.core.RedisConnectionUtils.getConnection(RedisConnectionUtils.java:95) ~[spring-data-redis-2.0.7.RELEASE.jar:2.0.7.RELEASE]
	at org.springframework.data.redis.core.RedisConnectionUtils.getConnection(RedisConnectionUtils.java:82) ~[spring-data-redis-2.0.7.RELEASE.jar:2.0.7.RELEASE]
	at org.springframework.data.redis.core.RedisTemplate.execute(RedisTemplate.java:211) ~[spring-data-redis-2.0.7.RELEASE.jar:2.0.7.RELEASE]
	at org.springframework.data.redis.core.RedisTemplate.execute(RedisTemplate.java:184) ~[spring-data-redis-2.0.7.RELEASE.jar:2.0.7.RELEASE]
	at org.springframework.data.redis.core.RedisTemplate.hasKey(RedisTemplate.java:739) ~[spring-data-redis-2.0.7.RELEASE.jar:2.0.7.RELEASE]
	at com.exam.service.impl.RedisServiceImpl.hasKey(RedisServiceImpl.java:82) ~[classes/:na]
	at com.exam.aspect.RedisCacheAspect.handle(RedisCacheAspect.java:45) ~[classes/:na]
	at sun.reflect.NativeMethodAccessorImpl.invoke0(Native Method) ~[na:1.8.0_221]
	at sun.reflect.NativeMethodAccessorImpl.invoke(NativeMethodAccessorImpl.java:62) ~[na:1.8.0_221]
	at sun.reflect.DelegatingMethodAccessorImpl.invoke(DelegatingMethodAccessorImpl.java:43) ~[na:1.8.0_221]
	at java.lang.reflect.Method.invoke(Method.java:498) ~[na:1.8.0_221]
	at org.springframework.aop.aspectj.AbstractAspectJAdvice.invokeAdviceMethodWithGivenArgs(AbstractAspectJAdvice.java:644) ~[spring-aop-5.0.6.RELEASE.jar:5.0.6.RELEASE]
	at org.springframework.aop.aspectj.AbstractAspectJAdvice.invokeAdviceMethod(AbstractAspectJAdvice.java:633) ~[spring-aop-5.0.6.RELEASE.jar:5.0.6.RELEASE]
	at org.springframework.aop.aspectj.AspectJAroundAdvice.invoke(AspectJAroundAdvice.java:70) ~[spring-aop-5.0.6.RELEASE.jar:5.0.6.RELEASE]
	at org.springframework.aop.framework.ReflectiveMethodInvocation.proceed(ReflectiveMethodInvocation.java:174) ~[spring-aop-5.0.6.RELEASE.jar:5.0.6.RELEASE]
	at org.springframework.aop.interceptor.ExposeInvocationInterceptor.invoke(ExposeInvocationInterceptor.java:92) ~[spring-aop-5.0.6.RELEASE.jar:5.0.6.RELEASE]
	at org.springframework.aop.framework.ReflectiveMethodInvocation.proceed(ReflectiveMethodInvocation.java:185) ~[spring-aop-5.0.6.RELEASE.jar:5.0.6.RELEASE]
	at org.springframework.aop.framework.CglibAopProxy$DynamicAdvisedInterceptor.intercept(CglibAopProxy.java:688) ~[spring-aop-5.0.6.RELEASE.jar:5.0.6.RELEASE]
	at com.exam.service.impl.SysConfigServiceImpl$$EnhancerBySpringCGLIB$$84f864f0.selectAll(<generated>) ~[classes/:na]
	at com.exam.component.ModuleService.get(ModuleService.java:44) ~[classes/:na]
	at sun.reflect.NativeMethodAccessorImpl.invoke0(Native Method) ~[na:1.8.0_221]
	at sun.reflect.NativeMethodAccessorImpl.invoke(NativeMethodAccessorImpl.java:62) ~[na:1.8.0_221]
	at sun.reflect.DelegatingMethodAccessorImpl.invoke(DelegatingMethodAccessorImpl.java:43) ~[na:1.8.0_221]
	at java.lang.reflect.Method.invoke(Method.java:498) ~[na:1.8.0_221]
	at org.springframework.expression.spel.support.ReflectiveMethodExecutor.execute(ReflectiveMethodExecutor.java:120) ~[spring-expression-5.0.6.RELEASE.jar:5.0.6.RELEASE]
	at org.springframework.expression.spel.ast.MethodReference.getValueInternal(MethodReference.java:138) ~[spring-expression-5.0.6.RELEASE.jar:5.0.6.RELEASE]
	at org.springframework.expression.spel.ast.MethodReference.getValueInternal(MethodReference.java:94) ~[spring-expression-5.0.6.RELEASE.jar:5.0.6.RELEASE]
	at org.springframework.expression.spel.ast.CompoundExpression.getValueRef(CompoundExpression.java:58) ~[spring-expression-5.0.6.RELEASE.jar:5.0.6.RELEASE]
	at org.springframework.expression.spel.ast.CompoundExpression.getValueInternal(CompoundExpression.java:88) ~[spring-expression-5.0.6.RELEASE.jar:5.0.6.RELEASE]
	at org.springframework.expression.spel.ast.SpelNodeImpl.getValue(SpelNodeImpl.java:111) ~[spring-expression-5.0.6.RELEASE.jar:5.0.6.RELEASE]
	at org.springframework.expression.spel.standard.SpelExpression.getValue(SpelExpression.java:334) ~[spring-expression-5.0.6.RELEASE.jar:5.0.6.RELEASE]
	at org.thymeleaf.spring5.expression.SPELVariableExpressionEvaluator.evaluate(SPELVariableExpressionEvaluator.java:263) ~[thymeleaf-spring5-3.0.9.RELEASE.jar:3.0.9.RELEASE]
	... 87 common frames omitted
Caused by: io.lettuce.core.RedisConnectionException: Unable to connect to localhost:6379
	at io.lettuce.core.RedisConnectionException.create(RedisConnectionException.java:56) ~[lettuce-core-5.0.4.RELEASE.jar:na]
	at io.lettuce.core.AbstractRedisClient.getConnection(AbstractRedisClient.java:233) ~[lettuce-core-5.0.4.RELEASE.jar:na]
	at io.lettuce.core.RedisClient.connectStandalone(RedisClient.java:253) ~[lettuce-core-5.0.4.RELEASE.jar:na]
	at io.lettuce.core.RedisClient.connect(RedisClient.java:202) ~[lettuce-core-5.0.4.RELEASE.jar:na]
	at org.springframework.data.redis.connection.lettuce.StandaloneConnectionProvider.getConnection(StandaloneConnectionProvider.java:56) ~[spring-data-redis-2.0.7.RELEASE.jar:2.0.7.RELEASE]
	at org.springframework.data.redis.connection.lettuce.LettuceConnectionFactory$SharedConnection.getNativeConnection(LettuceConnectionFactory.java:957) ~[spring-data-redis-2.0.7.RELEASE.jar:2.0.7.RELEASE]
	... 123 common frames omitted
Caused by: io.netty.channel.AbstractChannel$AnnotatedConnectException: Connection refused: no further information: localhost/127.0.0.1:6379
	at sun.nio.ch.SocketChannelImpl.checkConnect(Native Method) ~[na:1.8.0_221]
	at sun.nio.ch.SocketChannelImpl.finishConnect(SocketChannelImpl.java:717) ~[na:1.8.0_221]
	at io.netty.channel.socket.nio.NioSocketChannel.doFinishConnect(NioSocketChannel.java:325) ~[netty-transport-4.1.24.Final.jar:4.1.24.Final]
	at io.netty.channel.nio.AbstractNioChannel$AbstractNioUnsafe.finishConnect(AbstractNioChannel.java:340) ~[netty-transport-4.1.24.Final.jar:4.1.24.Final]
	at io.netty.channel.nio.NioEventLoop.processSelectedKey(NioEventLoop.java:633) ~[netty-transport-4.1.24.Final.jar:4.1.24.Final]
	at io.netty.channel.nio.NioEventLoop.processSelectedKeysOptimized(NioEventLoop.java:580) ~[netty-transport-4.1.24.Final.jar:4.1.24.Final]
	at io.netty.channel.nio.NioEventLoop.processSelectedKeys(NioEventLoop.java:497) ~[netty-transport-4.1.24.Final.jar:4.1.24.Final]
	at io.netty.channel.nio.NioEventLoop.run(NioEventLoop.java:459) ~[netty-transport-4.1.24.Final.jar:4.1.24.Final]
	at io.netty.util.concurrent.SingleThreadEventExecutor$5.run(SingleThreadEventExecutor.java:884) ~[netty-common-4.1.24.Final.jar:4.1.24.Final]
	at io.netty.util.concurrent.FastThreadLocalRunnable.run(FastThreadLocalRunnable.java:30) ~[netty-common-4.1.24.Final.jar:4.1.24.Final]
	... 1 common frames omitted
Caused by: java.net.ConnectException: Connection refused: no further information
	... 11 common frames omitted

2020-03-16 20:25:04.975 ERROR 6952 --- [http-nio-80-exec-10] o.a.c.c.C.[.[.[/].[dispatcherServlet]    : Servlet.service() for servlet [dispatcherServlet] in context with path [] threw exception [Request processing failed; nested exception is org.thymeleaf.exceptions.TemplateInputException: An error happened during template parsing (template: "class path resource [templates/index/index.html]")] with root cause

java.net.ConnectException: Connection refused: no further information
	at sun.nio.ch.SocketChannelImpl.checkConnect(Native Method) ~[na:1.8.0_221]
	at sun.nio.ch.SocketChannelImpl.finishConnect(SocketChannelImpl.java:717) ~[na:1.8.0_221]
	at io.netty.channel.socket.nio.NioSocketChannel.doFinishConnect(NioSocketChannel.java:325) ~[netty-transport-4.1.24.Final.jar:4.1.24.Final]
	at io.netty.channel.nio.AbstractNioChannel$AbstractNioUnsafe.finishConnect(AbstractNioChannel.java:340) ~[netty-transport-4.1.24.Final.jar:4.1.24.Final]
	at io.netty.channel.nio.NioEventLoop.processSelectedKey(NioEventLoop.java:633) ~[netty-transport-4.1.24.Final.jar:4.1.24.Final]
	at io.netty.channel.nio.NioEventLoop.processSelectedKeysOptimized(NioEventLoop.java:580) ~[netty-transport-4.1.24.Final.jar:4.1.24.Final]
	at io.netty.channel.nio.NioEventLoop.processSelectedKeys(NioEventLoop.java:497) ~[netty-transport-4.1.24.Final.jar:4.1.24.Final]
	at io.netty.channel.nio.NioEventLoop.run(NioEventLoop.java:459) ~[netty-transport-4.1.24.Final.jar:4.1.24.Final]
	at io.netty.util.concurrent.SingleThreadEventExecutor$5.run(SingleThreadEventExecutor.java:884) ~[netty-common-4.1.24.Final.jar:4.1.24.Final]
	at io.netty.util.concurrent.FastThreadLocalRunnable.run(FastThreadLocalRunnable.java:30) ~[netty-common-4.1.24.Final.jar:4.1.24.Final]
	at java.lang.Thread.run(Thread.java:748) [na:1.8.0_221]

2020-03-16 20:25:07.105 ERROR 6952 --- [http-nio-80-exec-10] org.thymeleaf.TemplateEngine             : [THYMELEAF][http-nio-80-exec-10] Exception processing template "error/500": An error happened during template parsing (template: "class path resource [templates/error/500.html]")

org.thymeleaf.exceptions.TemplateInputException: An error happened during template parsing (template: "class path resource [templates/error/500.html]")
	at org.thymeleaf.templateparser.markup.AbstractMarkupTemplateParser.parse(AbstractMarkupTemplateParser.java:241) ~[thymeleaf-3.0.9.RELEASE.jar:3.0.9.RELEASE]
	at org.thymeleaf.templateparser.markup.AbstractMarkupTemplateParser.parseStandalone(AbstractMarkupTemplateParser.java:100) ~[thymeleaf-3.0.9.RELEASE.jar:3.0.9.RELEASE]
	at org.thymeleaf.engine.TemplateManager.parseAndProcess(TemplateManager.java:666) ~[thymeleaf-3.0.9.RELEASE.jar:3.0.9.RELEASE]
	at org.thymeleaf.TemplateEngine.process(TemplateEngine.java:1098) [thymeleaf-3.0.9.RELEASE.jar:3.0.9.RELEASE]
	at org.thymeleaf.TemplateEngine.process(TemplateEngine.java:1072) [thymeleaf-3.0.9.RELEASE.jar:3.0.9.RELEASE]
	at org.thymeleaf.spring5.view.ThymeleafView.renderFragment(ThymeleafView.java:354) [thymeleaf-spring5-3.0.9.RELEASE.jar:3.0.9.RELEASE]
	at org.thymeleaf.spring5.view.ThymeleafView.render(ThymeleafView.java:187) [thymeleaf-spring5-3.0.9.RELEASE.jar:3.0.9.RELEASE]
	at org.springframework.web.servlet.DispatcherServlet.render(DispatcherServlet.java:1325) [spring-webmvc-5.0.6.RELEASE.jar:5.0.6.RELEASE]
	at org.springframework.web.servlet.DispatcherServlet.processDispatchResult(DispatcherServlet.java:1069) [spring-webmvc-5.0.6.RELEASE.jar:5.0.6.RELEASE]
	at org.springframework.web.servlet.DispatcherServlet.doDispatch(DispatcherServlet.java:1008) [spring-webmvc-5.0.6.RELEASE.jar:5.0.6.RELEASE]
	at org.springframework.web.servlet.DispatcherServlet.doService(DispatcherServlet.java:925) [spring-webmvc-5.0.6.RELEASE.jar:5.0.6.RELEASE]
	at org.springframework.web.servlet.FrameworkServlet.processRequest(FrameworkServlet.java:974) [spring-webmvc-5.0.6.RELEASE.jar:5.0.6.RELEASE]
	at org.springframework.web.servlet.FrameworkServlet.doGet(FrameworkServlet.java:866) [spring-webmvc-5.0.6.RELEASE.jar:5.0.6.RELEASE]
	at javax.servlet.http.HttpServlet.service(HttpServlet.java:635) [tomcat-embed-core-8.5.31.jar:8.5.31]
	at org.springframework.web.servlet.FrameworkServlet.service(FrameworkServlet.java:851) [spring-webmvc-5.0.6.RELEASE.jar:5.0.6.RELEASE]
	at javax.servlet.http.HttpServlet.service(HttpServlet.java:742) [tomcat-embed-core-8.5.31.jar:8.5.31]
	at org.apache.catalina.core.ApplicationFilterChain.internalDoFilter(ApplicationFilterChain.java:231) [tomcat-embed-core-8.5.31.jar:8.5.31]
	at org.apache.catalina.core.ApplicationFilterChain.doFilter(ApplicationFilterChain.java:166) [tomcat-embed-core-8.5.31.jar:8.5.31]
	at org.apache.catalina.core.ApplicationDispatcher.invoke(ApplicationDispatcher.java:728) [tomcat-embed-core-8.5.31.jar:8.5.31]
	at org.apache.catalina.core.ApplicationDispatcher.processRequest(ApplicationDispatcher.java:472) [tomcat-embed-core-8.5.31.jar:8.5.31]
	at org.apache.catalina.core.ApplicationDispatcher.doForward(ApplicationDispatcher.java:395) [tomcat-embed-core-8.5.31.jar:8.5.31]
	at org.apache.catalina.core.ApplicationDispatcher.forward(ApplicationDispatcher.java:316) [tomcat-embed-core-8.5.31.jar:8.5.31]
	at org.apache.catalina.core.StandardHostValve.custom(StandardHostValve.java:395) [tomcat-embed-core-8.5.31.jar:8.5.31]
	at org.apache.catalina.core.StandardHostValve.status(StandardHostValve.java:254) [tomcat-embed-core-8.5.31.jar:8.5.31]
	at org.apache.catalina.core.StandardHostValve.throwable(StandardHostValve.java:349) [tomcat-embed-core-8.5.31.jar:8.5.31]
	at org.apache.catalina.core.StandardHostValve.invoke(StandardHostValve.java:175) [tomcat-embed-core-8.5.31.jar:8.5.31]
	at org.apache.catalina.valves.ErrorReportValve.invoke(ErrorReportValve.java:81) [tomcat-embed-core-8.5.31.jar:8.5.31]
	at org.apache.catalina.core.StandardEngineValve.invoke(StandardEngineValve.java:87) [tomcat-embed-core-8.5.31.jar:8.5.31]
	at org.apache.catalina.connector.CoyoteAdapter.service(CoyoteAdapter.java:342) [tomcat-embed-core-8.5.31.jar:8.5.31]
	at org.apache.coyote.http11.Http11Processor.service(Http11Processor.java:803) [tomcat-embed-core-8.5.31.jar:8.5.31]
	at org.apache.coyote.AbstractProcessorLight.process(AbstractProcessorLight.java:66) [tomcat-embed-core-8.5.31.jar:8.5.31]
	at org.apache.coyote.AbstractProtocol$ConnectionHandler.process(AbstractProtocol.java:790) [tomcat-embed-core-8.5.31.jar:8.5.31]
	at org.apache.tomcat.util.net.NioEndpoint$SocketProcessor.doRun(NioEndpoint.java:1468) [tomcat-embed-core-8.5.31.jar:8.5.31]
	at org.apache.tomcat.util.net.SocketProcessorBase.run(SocketProcessorBase.java:49) [tomcat-embed-core-8.5.31.jar:8.5.31]
	at java.util.concurrent.ThreadPoolExecutor.runWorker(ThreadPoolExecutor.java:1149) [na:1.8.0_221]
	at java.util.concurrent.ThreadPoolExecutor$Worker.run(ThreadPoolExecutor.java:624) [na:1.8.0_221]
	at org.apache.tomcat.util.threads.TaskThread$WrappingRunnable.run(TaskThread.java:61) [tomcat-embed-core-8.5.31.jar:8.5.31]
	at java.lang.Thread.run(Thread.java:748) [na:1.8.0_221]
Caused by: org.attoparser.ParseException: Exception evaluating SpringEL expression: "@module.get('sysConfig').SITE_NAME" (template: "error/500" - line 6, col 9)
	at org.attoparser.MarkupParser.parseDocument(MarkupParser.java:393) ~[attoparser-2.0.4.RELEASE.jar:2.0.4.RELEASE]
	at org.attoparser.MarkupParser.parse(MarkupParser.java:257) ~[attoparser-2.0.4.RELEASE.jar:2.0.4.RELEASE]
	at org.thymeleaf.templateparser.markup.AbstractMarkupTemplateParser.parse(AbstractMarkupTemplateParser.java:230) ~[thymeleaf-3.0.9.RELEASE.jar:3.0.9.RELEASE]
	... 37 common frames omitted
Caused by: org.thymeleaf.exceptions.TemplateProcessingException: Exception evaluating SpringEL expression: "@module.get('sysConfig').SITE_NAME" (template: "error/500" - line 6, col 9)
	at org.thymeleaf.spring5.expression.SPELVariableExpressionEvaluator.evaluate(SPELVariableExpressionEvaluator.java:290) ~[thymeleaf-spring5-3.0.9.RELEASE.jar:3.0.9.RELEASE]
	at org.thymeleaf.standard.expression.VariableExpression.executeVariableExpression(VariableExpression.java:165) ~[thymeleaf-3.0.9.RELEASE.jar:3.0.9.RELEASE]
	at org.thymeleaf.standard.expression.SimpleExpression.executeSimple(SimpleExpression.java:66) ~[thymeleaf-3.0.9.RELEASE.jar:3.0.9.RELEASE]
	at org.thymeleaf.standard.expression.Expression.execute(Expression.java:109) ~[thymeleaf-3.0.9.RELEASE.jar:3.0.9.RELEASE]
	at org.thymeleaf.standard.expression.Expression.execute(Expression.java:138) ~[thymeleaf-3.0.9.RELEASE.jar:3.0.9.RELEASE]
	at org.thymeleaf.standard.processor.AbstractStandardExpressionAttributeTagProcessor.doProcess(AbstractStandardExpressionAttributeTagProcessor.java:126) ~[thymeleaf-3.0.9.RELEASE.jar:3.0.9.RELEASE]
	at org.thymeleaf.processor.element.AbstractAttributeTagProcessor.doProcess(AbstractAttributeTagProcessor.java:74) ~[thymeleaf-3.0.9.RELEASE.jar:3.0.9.RELEASE]
	at org.thymeleaf.processor.element.AbstractElementTagProcessor.process(AbstractElementTagProcessor.java:95) ~[thymeleaf-3.0.9.RELEASE.jar:3.0.9.RELEASE]
	at org.thymeleaf.util.ProcessorConfigurationUtils$ElementTagProcessorWrapper.process(ProcessorConfigurationUtils.java:633) ~[thymeleaf-3.0.9.RELEASE.jar:3.0.9.RELEASE]
	at org.thymeleaf.engine.ProcessorTemplateHandler.handleOpenElement(ProcessorTemplateHandler.java:1314) ~[thymeleaf-3.0.9.RELEASE.jar:3.0.9.RELEASE]
	at org.thymeleaf.engine.TemplateHandlerAdapterMarkupHandler.handleOpenElementEnd(TemplateHandlerAdapterMarkupHandler.java:304) ~[thymeleaf-3.0.9.RELEASE.jar:3.0.9.RELEASE]
	at org.thymeleaf.templateparser.markup.InlinedOutputExpressionMarkupHandler$InlineMarkupAdapterPreProcessorHandler.handleOpenElementEnd(InlinedOutputExpressionMarkupHandler.java:278) ~[thymeleaf-3.0.9.RELEASE.jar:3.0.9.RELEASE]
	at org.thymeleaf.standard.inline.OutputExpressionInlinePreProcessorHandler.handleOpenElementEnd(OutputExpressionInlinePreProcessorHandler.java:186) ~[thymeleaf-3.0.9.RELEASE.jar:3.0.9.RELEASE]
	at org.thymeleaf.templateparser.markup.InlinedOutputExpressionMarkupHandler.handleOpenElementEnd(InlinedOutputExpressionMarkupHandler.java:124) ~[thymeleaf-3.0.9.RELEASE.jar:3.0.9.RELEASE]
	at org.attoparser.HtmlElement.handleOpenElementEnd(HtmlElement.java:109) ~[attoparser-2.0.4.RELEASE.jar:2.0.4.RELEASE]
	at org.attoparser.HtmlMarkupHandler.handleOpenElementEnd(HtmlMarkupHandler.java:297) ~[attoparser-2.0.4.RELEASE.jar:2.0.4.RELEASE]
	at org.attoparser.MarkupEventProcessorHandler.handleOpenElementEnd(MarkupEventProcessorHandler.java:402) ~[attoparser-2.0.4.RELEASE.jar:2.0.4.RELEASE]
	at org.attoparser.ParsingElementMarkupUtil.parseOpenElement(ParsingElementMarkupUtil.java:159) ~[attoparser-2.0.4.RELEASE.jar:2.0.4.RELEASE]
	at org.attoparser.MarkupParser.parseBuffer(MarkupParser.java:710) ~[attoparser-2.0.4.RELEASE.jar:2.0.4.RELEASE]
	at org.attoparser.MarkupParser.parseDocument(MarkupParser.java:301) ~[attoparser-2.0.4.RELEASE.jar:2.0.4.RELEASE]
	... 39 common frames omitted
Caused by: org.springframework.data.redis.RedisConnectionFailureException: Unable to connect to Redis; nested exception is io.lettuce.core.RedisConnectionException: Unable to connect to localhost:6379
	at org.springframework.data.redis.connection.lettuce.LettuceConnectionFactory$SharedConnection.getNativeConnection(LettuceConnectionFactory.java:964) ~[spring-data-redis-2.0.7.RELEASE.jar:2.0.7.RELEASE]
	at org.springframework.data.redis.connection.lettuce.LettuceConnectionFactory$SharedConnection.getConnection(LettuceConnectionFactory.java:932) ~[spring-data-redis-2.0.7.RELEASE.jar:2.0.7.RELEASE]
	at org.springframework.data.redis.connection.lettuce.LettuceConnectionFactory.getSharedConnection(LettuceConnectionFactory.java:785) ~[spring-data-redis-2.0.7.RELEASE.jar:2.0.7.RELEASE]
	at org.springframework.data.redis.connection.lettuce.LettuceConnectionFactory.getConnection(LettuceConnectionFactory.java:299) ~[spring-data-redis-2.0.7.RELEASE.jar:2.0.7.RELEASE]
	at org.springframework.data.redis.core.RedisConnectionUtils.doGetConnection(RedisConnectionUtils.java:132) ~[spring-data-redis-2.0.7.RELEASE.jar:2.0.7.RELEASE]
	at org.springframework.data.redis.core.RedisConnectionUtils.getConnection(RedisConnectionUtils.java:95) ~[spring-data-redis-2.0.7.RELEASE.jar:2.0.7.RELEASE]
	at org.springframework.data.redis.core.RedisConnectionUtils.getConnection(RedisConnectionUtils.java:82) ~[spring-data-redis-2.0.7.RELEASE.jar:2.0.7.RELEASE]
	at org.springframework.data.redis.core.RedisTemplate.execute(RedisTemplate.java:211) ~[spring-data-redis-2.0.7.RELEASE.jar:2.0.7.RELEASE]
	at org.springframework.data.redis.core.RedisTemplate.execute(RedisTemplate.java:184) ~[spring-data-redis-2.0.7.RELEASE.jar:2.0.7.RELEASE]
	at org.springframework.data.redis.core.RedisTemplate.hasKey(RedisTemplate.java:739) ~[spring-data-redis-2.0.7.RELEASE.jar:2.0.7.RELEASE]
	at com.exam.service.impl.RedisServiceImpl.hasKey(RedisServiceImpl.java:82) ~[classes/:na]
	at com.exam.aspect.RedisCacheAspect.handle(RedisCacheAspect.java:45) ~[classes/:na]
	at sun.reflect.NativeMethodAccessorImpl.invoke0(Native Method) ~[na:1.8.0_221]
	at sun.reflect.NativeMethodAccessorImpl.invoke(NativeMethodAccessorImpl.java:62) ~[na:1.8.0_221]
	at sun.reflect.DelegatingMethodAccessorImpl.invoke(DelegatingMethodAccessorImpl.java:43) ~[na:1.8.0_221]
	at java.lang.reflect.Method.invoke(Method.java:498) ~[na:1.8.0_221]
	at org.springframework.aop.aspectj.AbstractAspectJAdvice.invokeAdviceMethodWithGivenArgs(AbstractAspectJAdvice.java:644) ~[spring-aop-5.0.6.RELEASE.jar:5.0.6.RELEASE]
	at org.springframework.aop.aspectj.AbstractAspectJAdvice.invokeAdviceMethod(AbstractAspectJAdvice.java:633) ~[spring-aop-5.0.6.RELEASE.jar:5.0.6.RELEASE]
	at org.springframework.aop.aspectj.AspectJAroundAdvice.invoke(AspectJAroundAdvice.java:70) ~[spring-aop-5.0.6.RELEASE.jar:5.0.6.RELEASE]
	at org.springframework.aop.framework.ReflectiveMethodInvocation.proceed(ReflectiveMethodInvocation.java:174) ~[spring-aop-5.0.6.RELEASE.jar:5.0.6.RELEASE]
	at org.springframework.aop.interceptor.ExposeInvocationInterceptor.invoke(ExposeInvocationInterceptor.java:92) ~[spring-aop-5.0.6.RELEASE.jar:5.0.6.RELEASE]
	at org.springframework.aop.framework.ReflectiveMethodInvocation.proceed(ReflectiveMethodInvocation.java:185) ~[spring-aop-5.0.6.RELEASE.jar:5.0.6.RELEASE]
	at org.springframework.aop.framework.CglibAopProxy$DynamicAdvisedInterceptor.intercept(CglibAopProxy.java:688) ~[spring-aop-5.0.6.RELEASE.jar:5.0.6.RELEASE]
	at com.exam.service.impl.SysConfigServiceImpl$$EnhancerBySpringCGLIB$$84f864f0.selectAll(<generated>) ~[classes/:na]
	at com.exam.component.ModuleService.get(ModuleService.java:44) ~[classes/:na]
	at sun.reflect.NativeMethodAccessorImpl.invoke0(Native Method) ~[na:1.8.0_221]
	at sun.reflect.NativeMethodAccessorImpl.invoke(NativeMethodAccessorImpl.java:62) ~[na:1.8.0_221]
	at sun.reflect.DelegatingMethodAccessorImpl.invoke(DelegatingMethodAccessorImpl.java:43) ~[na:1.8.0_221]
	at java.lang.reflect.Method.invoke(Method.java:498) ~[na:1.8.0_221]
	at org.springframework.expression.spel.support.ReflectiveMethodExecutor.execute(ReflectiveMethodExecutor.java:120) ~[spring-expression-5.0.6.RELEASE.jar:5.0.6.RELEASE]
	at org.springframework.expression.spel.ast.MethodReference.getValueInternal(MethodReference.java:111) ~[spring-expression-5.0.6.RELEASE.jar:5.0.6.RELEASE]
	at org.springframework.expression.spel.ast.MethodReference.getValueInternal(MethodReference.java:94) ~[spring-expression-5.0.6.RELEASE.jar:5.0.6.RELEASE]
	at org.springframework.expression.spel.ast.CompoundExpression.getValueRef(CompoundExpression.java:58) ~[spring-expression-5.0.6.RELEASE.jar:5.0.6.RELEASE]
	at org.springframework.expression.spel.ast.CompoundExpression.getValueInternal(CompoundExpression.java:88) ~[spring-expression-5.0.6.RELEASE.jar:5.0.6.RELEASE]
	at org.springframework.expression.spel.ast.SpelNodeImpl.getValue(SpelNodeImpl.java:111) ~[spring-expression-5.0.6.RELEASE.jar:5.0.6.RELEASE]
	at org.springframework.expression.spel.standard.SpelExpression.getValue(SpelExpression.java:334) ~[spring-expression-5.0.6.RELEASE.jar:5.0.6.RELEASE]
	at org.thymeleaf.spring5.expression.SPELVariableExpressionEvaluator.evaluate(SPELVariableExpressionEvaluator.java:263) ~[thymeleaf-spring5-3.0.9.RELEASE.jar:3.0.9.RELEASE]
	... 58 common frames omitted
Caused by: io.lettuce.core.RedisConnectionException: Unable to connect to localhost:6379
	at io.lettuce.core.RedisConnectionException.create(RedisConnectionException.java:56) ~[lettuce-core-5.0.4.RELEASE.jar:na]
	at io.lettuce.core.AbstractRedisClient.getConnection(AbstractRedisClient.java:233) ~[lettuce-core-5.0.4.RELEASE.jar:na]
	at io.lettuce.core.RedisClient.connectStandalone(RedisClient.java:253) ~[lettuce-core-5.0.4.RELEASE.jar:na]
	at io.lettuce.core.RedisClient.connect(RedisClient.java:202) ~[lettuce-core-5.0.4.RELEASE.jar:na]
	at org.springframework.data.redis.connection.lettuce.StandaloneConnectionProvider.getConnection(StandaloneConnectionProvider.java:56) ~[spring-data-redis-2.0.7.RELEASE.jar:2.0.7.RELEASE]
	at org.springframework.data.redis.connection.lettuce.LettuceConnectionFactory$SharedConnection.getNativeConnection(LettuceConnectionFactory.java:957) ~[spring-data-redis-2.0.7.RELEASE.jar:2.0.7.RELEASE]
	... 94 common frames omitted
Caused by: io.netty.channel.AbstractChannel$AnnotatedConnectException: Connection refused: no further information: localhost/127.0.0.1:6379
	at sun.nio.ch.SocketChannelImpl.checkConnect(Native Method) ~[na:1.8.0_221]
	at sun.nio.ch.SocketChannelImpl.finishConnect(SocketChannelImpl.java:717) ~[na:1.8.0_221]
	at io.netty.channel.socket.nio.NioSocketChannel.doFinishConnect(NioSocketChannel.java:325) ~[netty-transport-4.1.24.Final.jar:4.1.24.Final]
	at io.netty.channel.nio.AbstractNioChannel$AbstractNioUnsafe.finishConnect(AbstractNioChannel.java:340) ~[netty-transport-4.1.24.Final.jar:4.1.24.Final]
	at io.netty.channel.nio.NioEventLoop.processSelectedKey(NioEventLoop.java:633) ~[netty-transport-4.1.24.Final.jar:4.1.24.Final]
	at io.netty.channel.nio.NioEventLoop.processSelectedKeysOptimized(NioEventLoop.java:580) ~[netty-transport-4.1.24.Final.jar:4.1.24.Final]
	at io.netty.channel.nio.NioEventLoop.processSelectedKeys(NioEventLoop.java:497) ~[netty-transport-4.1.24.Final.jar:4.1.24.Final]
	at io.netty.channel.nio.NioEventLoop.run(NioEventLoop.java:459) ~[netty-transport-4.1.24.Final.jar:4.1.24.Final]
	at io.netty.util.concurrent.SingleThreadEventExecutor$5.run(SingleThreadEventExecutor.java:884) ~[netty-common-4.1.24.Final.jar:4.1.24.Final]
	at io.netty.util.concurrent.FastThreadLocalRunnable.run(FastThreadLocalRunnable.java:30) ~[netty-common-4.1.24.Final.jar:4.1.24.Final]
	... 1 common frames omitted
Caused by: java.net.ConnectException: Connection refused: no further information
	... 11 common frames omitted

2020-03-16 20:25:07.110 ERROR 6952 --- [http-nio-80-exec-10] o.a.c.c.C.[.[.[/].[dispatcherServlet]    : Servlet.service() for servlet [dispatcherServlet] threw exception

java.net.ConnectException: Connection refused: no further information
	at sun.nio.ch.SocketChannelImpl.checkConnect(Native Method) ~[na:1.8.0_221]
	at sun.nio.ch.SocketChannelImpl.finishConnect(SocketChannelImpl.java:717) ~[na:1.8.0_221]
	at io.netty.channel.socket.nio.NioSocketChannel.doFinishConnect(NioSocketChannel.java:325) ~[netty-transport-4.1.24.Final.jar:4.1.24.Final]
	at io.netty.channel.nio.AbstractNioChannel$AbstractNioUnsafe.finishConnect(AbstractNioChannel.java:340) ~[netty-transport-4.1.24.Final.jar:4.1.24.Final]
	at io.netty.channel.nio.NioEventLoop.processSelectedKey(NioEventLoop.java:633) ~[netty-transport-4.1.24.Final.jar:4.1.24.Final]
	at io.netty.channel.nio.NioEventLoop.processSelectedKeysOptimized(NioEventLoop.java:580) ~[netty-transport-4.1.24.Final.jar:4.1.24.Final]
	at io.netty.channel.nio.NioEventLoop.processSelectedKeys(NioEventLoop.java:497) ~[netty-transport-4.1.24.Final.jar:4.1.24.Final]
	at io.netty.channel.nio.NioEventLoop.run(NioEventLoop.java:459) ~[netty-transport-4.1.24.Final.jar:4.1.24.Final]
	at io.netty.util.concurrent.SingleThreadEventExecutor$5.run(SingleThreadEventExecutor.java:884) ~[netty-common-4.1.24.Final.jar:4.1.24.Final]
	at io.netty.util.concurrent.FastThreadLocalRunnable.run(FastThreadLocalRunnable.java:30) ~[netty-common-4.1.24.Final.jar:4.1.24.Final]
	at java.lang.Thread.run(Thread.java:748) [na:1.8.0_221]

2020-03-16 20:25:07.113 ERROR 6952 --- [http-nio-80-exec-10] o.a.c.c.C.[Tomcat].[localhost]           : Exception Processing ErrorPage[errorCode=500, location=/error/500]

org.springframework.web.util.NestedServletException: Request processing failed; nested exception is org.thymeleaf.exceptions.TemplateInputException: An error happened during template parsing (template: "class path resource [templates/error/500.html]")
	at org.springframework.web.servlet.FrameworkServlet.processRequest(FrameworkServlet.java:982) ~[spring-webmvc-5.0.6.RELEASE.jar:5.0.6.RELEASE]
	at org.springframework.web.servlet.FrameworkServlet.doGet(FrameworkServlet.java:866) ~[spring-webmvc-5.0.6.RELEASE.jar:5.0.6.RELEASE]
	at javax.servlet.http.HttpServlet.service(HttpServlet.java:635) ~[tomcat-embed-core-8.5.31.jar:8.5.31]
	at org.springframework.web.servlet.FrameworkServlet.service(FrameworkServlet.java:851) ~[spring-webmvc-5.0.6.RELEASE.jar:5.0.6.RELEASE]
	at javax.servlet.http.HttpServlet.service(HttpServlet.java:742) ~[tomcat-embed-core-8.5.31.jar:8.5.31]
	at org.apache.catalina.core.ApplicationFilterChain.internalDoFilter(ApplicationFilterChain.java:231) ~[tomcat-embed-core-8.5.31.jar:8.5.31]
	at org.apache.catalina.core.ApplicationFilterChain.doFilter(ApplicationFilterChain.java:166) ~[tomcat-embed-core-8.5.31.jar:8.5.31]
	at org.apache.catalina.core.ApplicationDispatcher.invoke(ApplicationDispatcher.java:728) ~[tomcat-embed-core-8.5.31.jar:8.5.31]
	at org.apache.catalina.core.ApplicationDispatcher.processRequest(ApplicationDispatcher.java:472) ~[tomcat-embed-core-8.5.31.jar:8.5.31]
	at org.apache.catalina.core.ApplicationDispatcher.doForward(ApplicationDispatcher.java:395) ~[tomcat-embed-core-8.5.31.jar:8.5.31]
	at org.apache.catalina.core.ApplicationDispatcher.forward(ApplicationDispatcher.java:316) ~[tomcat-embed-core-8.5.31.jar:8.5.31]
	at org.apache.catalina.core.StandardHostValve.custom(StandardHostValve.java:395) [tomcat-embed-core-8.5.31.jar:8.5.31]
	at org.apache.catalina.core.StandardHostValve.status(StandardHostValve.java:254) [tomcat-embed-core-8.5.31.jar:8.5.31]
	at org.apache.catalina.core.StandardHostValve.throwable(StandardHostValve.java:349) [tomcat-embed-core-8.5.31.jar:8.5.31]
	at org.apache.catalina.core.StandardHostValve.invoke(StandardHostValve.java:175) [tomcat-embed-core-8.5.31.jar:8.5.31]
	at org.apache.catalina.valves.ErrorReportValve.invoke(ErrorReportValve.java:81) [tomcat-embed-core-8.5.31.jar:8.5.31]
	at org.apache.catalina.core.StandardEngineValve.invoke(StandardEngineValve.java:87) [tomcat-embed-core-8.5.31.jar:8.5.31]
	at org.apache.catalina.connector.CoyoteAdapter.service(CoyoteAdapter.java:342) [tomcat-embed-core-8.5.31.jar:8.5.31]
	at org.apache.coyote.http11.Http11Processor.service(Http11Processor.java:803) [tomcat-embed-core-8.5.31.jar:8.5.31]
	at org.apache.coyote.AbstractProcessorLight.process(AbstractProcessorLight.java:66) [tomcat-embed-core-8.5.31.jar:8.5.31]
	at org.apache.coyote.AbstractProtocol$ConnectionHandler.process(AbstractProtocol.java:790) [tomcat-embed-core-8.5.31.jar:8.5.31]
	at org.apache.tomcat.util.net.NioEndpoint$SocketProcessor.doRun(NioEndpoint.java:1468) [tomcat-embed-core-8.5.31.jar:8.5.31]
	at org.apache.tomcat.util.net.SocketProcessorBase.run(SocketProcessorBase.java:49) [tomcat-embed-core-8.5.31.jar:8.5.31]
	at java.util.concurrent.ThreadPoolExecutor.runWorker(ThreadPoolExecutor.java:1149) [na:1.8.0_221]
	at java.util.concurrent.ThreadPoolExecutor$Worker.run(ThreadPoolExecutor.java:624) [na:1.8.0_221]
	at org.apache.tomcat.util.threads.TaskThread$WrappingRunnable.run(TaskThread.java:61) [tomcat-embed-core-8.5.31.jar:8.5.31]
	at java.lang.Thread.run(Thread.java:748) [na:1.8.0_221]
Caused by: org.thymeleaf.exceptions.TemplateInputException: An error happened during template parsing (template: "class path resource [templates/error/500.html]")
	at org.thymeleaf.templateparser.markup.AbstractMarkupTemplateParser.parse(AbstractMarkupTemplateParser.java:241) ~[thymeleaf-3.0.9.RELEASE.jar:3.0.9.RELEASE]
	at org.thymeleaf.templateparser.markup.AbstractMarkupTemplateParser.parseStandalone(AbstractMarkupTemplateParser.java:100) ~[thymeleaf-3.0.9.RELEASE.jar:3.0.9.RELEASE]
	at org.thymeleaf.engine.TemplateManager.parseAndProcess(TemplateManager.java:666) ~[thymeleaf-3.0.9.RELEASE.jar:3.0.9.RELEASE]
	at org.thymeleaf.TemplateEngine.process(TemplateEngine.java:1098) ~[thymeleaf-3.0.9.RELEASE.jar:3.0.9.RELEASE]
	at org.thymeleaf.TemplateEngine.process(TemplateEngine.java:1072) ~[thymeleaf-3.0.9.RELEASE.jar:3.0.9.RELEASE]
	at org.thymeleaf.spring5.view.ThymeleafView.renderFragment(ThymeleafView.java:354) ~[thymeleaf-spring5-3.0.9.RELEASE.jar:3.0.9.RELEASE]
	at org.thymeleaf.spring5.view.ThymeleafView.render(ThymeleafView.java:187) ~[thymeleaf-spring5-3.0.9.RELEASE.jar:3.0.9.RELEASE]
	at org.springframework.web.servlet.DispatcherServlet.render(DispatcherServlet.java:1325) ~[spring-webmvc-5.0.6.RELEASE.jar:5.0.6.RELEASE]
	at org.springframework.web.servlet.DispatcherServlet.processDispatchResult(DispatcherServlet.java:1069) ~[spring-webmvc-5.0.6.RELEASE.jar:5.0.6.RELEASE]
	at org.springframework.web.servlet.DispatcherServlet.doDispatch(DispatcherServlet.java:1008) ~[spring-webmvc-5.0.6.RELEASE.jar:5.0.6.RELEASE]
	at org.springframework.web.servlet.DispatcherServlet.doService(DispatcherServlet.java:925) ~[spring-webmvc-5.0.6.RELEASE.jar:5.0.6.RELEASE]
	at org.springframework.web.servlet.FrameworkServlet.processRequest(FrameworkServlet.java:974) ~[spring-webmvc-5.0.6.RELEASE.jar:5.0.6.RELEASE]
	... 26 common frames omitted
Caused by: org.attoparser.ParseException: Exception evaluating SpringEL expression: "@module.get('sysConfig').SITE_NAME" (template: "error/500" - line 6, col 9)
	at org.attoparser.MarkupParser.parseDocument(MarkupParser.java:393) ~[attoparser-2.0.4.RELEASE.jar:2.0.4.RELEASE]
	at org.attoparser.MarkupParser.parse(MarkupParser.java:257) ~[attoparser-2.0.4.RELEASE.jar:2.0.4.RELEASE]
	at org.thymeleaf.templateparser.markup.AbstractMarkupTemplateParser.parse(AbstractMarkupTemplateParser.java:230) ~[thymeleaf-3.0.9.RELEASE.jar:3.0.9.RELEASE]
	... 37 common frames omitted
Caused by: org.thymeleaf.exceptions.TemplateProcessingException: Exception evaluating SpringEL expression: "@module.get('sysConfig').SITE_NAME" (template: "error/500" - line 6, col 9)
	at org.thymeleaf.spring5.expression.SPELVariableExpressionEvaluator.evaluate(SPELVariableExpressionEvaluator.java:290) ~[thymeleaf-spring5-3.0.9.RELEASE.jar:3.0.9.RELEASE]
	at org.thymeleaf.standard.expression.VariableExpression.executeVariableExpression(VariableExpression.java:165) ~[thymeleaf-3.0.9.RELEASE.jar:3.0.9.RELEASE]
	at org.thymeleaf.standard.expression.SimpleExpression.executeSimple(SimpleExpression.java:66) ~[thymeleaf-3.0.9.RELEASE.jar:3.0.9.RELEASE]
	at org.thymeleaf.standard.expression.Expression.execute(Expression.java:109) ~[thymeleaf-3.0.9.RELEASE.jar:3.0.9.RELEASE]
	at org.thymeleaf.standard.expression.Expression.execute(Expression.java:138) ~[thymeleaf-3.0.9.RELEASE.jar:3.0.9.RELEASE]
	at org.thymeleaf.standard.processor.AbstractStandardExpressionAttributeTagProcessor.doProcess(AbstractStandardExpressionAttributeTagProcessor.java:126) ~[thymeleaf-3.0.9.RELEASE.jar:3.0.9.RELEASE]
	at org.thymeleaf.processor.element.AbstractAttributeTagProcessor.doProcess(AbstractAttributeTagProcessor.java:74) ~[thymeleaf-3.0.9.RELEASE.jar:3.0.9.RELEASE]
	at org.thymeleaf.processor.element.AbstractElementTagProcessor.process(AbstractElementTagProcessor.java:95) ~[thymeleaf-3.0.9.RELEASE.jar:3.0.9.RELEASE]
	at org.thymeleaf.util.ProcessorConfigurationUtils$ElementTagProcessorWrapper.process(ProcessorConfigurationUtils.java:633) ~[thymeleaf-3.0.9.RELEASE.jar:3.0.9.RELEASE]
	at org.thymeleaf.engine.ProcessorTemplateHandler.handleOpenElement(ProcessorTemplateHandler.java:1314) ~[thymeleaf-3.0.9.RELEASE.jar:3.0.9.RELEASE]
	at org.thymeleaf.engine.TemplateHandlerAdapterMarkupHandler.handleOpenElementEnd(TemplateHandlerAdapterMarkupHandler.java:304) ~[thymeleaf-3.0.9.RELEASE.jar:3.0.9.RELEASE]
	at org.thymeleaf.templateparser.markup.InlinedOutputExpressionMarkupHandler$InlineMarkupAdapterPreProcessorHandler.handleOpenElementEnd(InlinedOutputExpressionMarkupHandler.java:278) ~[thymeleaf-3.0.9.RELEASE.jar:3.0.9.RELEASE]
	at org.thymeleaf.standard.inline.OutputExpressionInlinePreProcessorHandler.handleOpenElementEnd(OutputExpressionInlinePreProcessorHandler.java:186) ~[thymeleaf-3.0.9.RELEASE.jar:3.0.9.RELEASE]
	at org.thymeleaf.templateparser.markup.InlinedOutputExpressionMarkupHandler.handleOpenElementEnd(InlinedOutputExpressionMarkupHandler.java:124) ~[thymeleaf-3.0.9.RELEASE.jar:3.0.9.RELEASE]
	at org.attoparser.HtmlElement.handleOpenElementEnd(HtmlElement.java:109) ~[attoparser-2.0.4.RELEASE.jar:2.0.4.RELEASE]
	at org.attoparser.HtmlMarkupHandler.handleOpenElementEnd(HtmlMarkupHandler.java:297) ~[attoparser-2.0.4.RELEASE.jar:2.0.4.RELEASE]
	at org.attoparser.MarkupEventProcessorHandler.handleOpenElementEnd(MarkupEventProcessorHandler.java:402) ~[attoparser-2.0.4.RELEASE.jar:2.0.4.RELEASE]
	at org.attoparser.ParsingElementMarkupUtil.parseOpenElement(ParsingElementMarkupUtil.java:159) ~[attoparser-2.0.4.RELEASE.jar:2.0.4.RELEASE]
	at org.attoparser.MarkupParser.parseBuffer(MarkupParser.java:710) ~[attoparser-2.0.4.RELEASE.jar:2.0.4.RELEASE]
	at org.attoparser.MarkupParser.parseDocument(MarkupParser.java:301) ~[attoparser-2.0.4.RELEASE.jar:2.0.4.RELEASE]
	... 39 common frames omitted
Caused by: org.springframework.data.redis.RedisConnectionFailureException: Unable to connect to Redis; nested exception is io.lettuce.core.RedisConnectionException: Unable to connect to localhost:6379
	at org.springframework.data.redis.connection.lettuce.LettuceConnectionFactory$SharedConnection.getNativeConnection(LettuceConnectionFactory.java:964) ~[spring-data-redis-2.0.7.RELEASE.jar:2.0.7.RELEASE]
	at org.springframework.data.redis.connection.lettuce.LettuceConnectionFactory$SharedConnection.getConnection(LettuceConnectionFactory.java:932) ~[spring-data-redis-2.0.7.RELEASE.jar:2.0.7.RELEASE]
	at org.springframework.data.redis.connection.lettuce.LettuceConnectionFactory.getSharedConnection(LettuceConnectionFactory.java:785) ~[spring-data-redis-2.0.7.RELEASE.jar:2.0.7.RELEASE]
	at org.springframework.data.redis.connection.lettuce.LettuceConnectionFactory.getConnection(LettuceConnectionFactory.java:299) ~[spring-data-redis-2.0.7.RELEASE.jar:2.0.7.RELEASE]
	at org.springframework.data.redis.core.RedisConnectionUtils.doGetConnection(RedisConnectionUtils.java:132) ~[spring-data-redis-2.0.7.RELEASE.jar:2.0.7.RELEASE]
	at org.springframework.data.redis.core.RedisConnectionUtils.getConnection(RedisConnectionUtils.java:95) ~[spring-data-redis-2.0.7.RELEASE.jar:2.0.7.RELEASE]
	at org.springframework.data.redis.core.RedisConnectionUtils.getConnection(RedisConnectionUtils.java:82) ~[spring-data-redis-2.0.7.RELEASE.jar:2.0.7.RELEASE]
	at org.springframework.data.redis.core.RedisTemplate.execute(RedisTemplate.java:211) ~[spring-data-redis-2.0.7.RELEASE.jar:2.0.7.RELEASE]
	at org.springframework.data.redis.core.RedisTemplate.execute(RedisTemplate.java:184) ~[spring-data-redis-2.0.7.RELEASE.jar:2.0.7.RELEASE]
	at org.springframework.data.redis.core.RedisTemplate.hasKey(RedisTemplate.java:739) ~[spring-data-redis-2.0.7.RELEASE.jar:2.0.7.RELEASE]
	at com.exam.service.impl.RedisServiceImpl.hasKey(RedisServiceImpl.java:82) ~[classes/:na]
	at com.exam.aspect.RedisCacheAspect.handle(RedisCacheAspect.java:45) ~[classes/:na]
	at sun.reflect.NativeMethodAccessorImpl.invoke0(Native Method) ~[na:1.8.0_221]
	at sun.reflect.NativeMethodAccessorImpl.invoke(NativeMethodAccessorImpl.java:62) ~[na:1.8.0_221]
	at sun.reflect.DelegatingMethodAccessorImpl.invoke(DelegatingMethodAccessorImpl.java:43) ~[na:1.8.0_221]
	at java.lang.reflect.Method.invoke(Method.java:498) ~[na:1.8.0_221]
	at org.springframework.aop.aspectj.AbstractAspectJAdvice.invokeAdviceMethodWithGivenArgs(AbstractAspectJAdvice.java:644) ~[spring-aop-5.0.6.RELEASE.jar:5.0.6.RELEASE]
	at org.springframework.aop.aspectj.AbstractAspectJAdvice.invokeAdviceMethod(AbstractAspectJAdvice.java:633) ~[spring-aop-5.0.6.RELEASE.jar:5.0.6.RELEASE]
	at org.springframework.aop.aspectj.AspectJAroundAdvice.invoke(AspectJAroundAdvice.java:70) ~[spring-aop-5.0.6.RELEASE.jar:5.0.6.RELEASE]
	at org.springframework.aop.framework.ReflectiveMethodInvocation.proceed(ReflectiveMethodInvocation.java:174) ~[spring-aop-5.0.6.RELEASE.jar:5.0.6.RELEASE]
	at org.springframework.aop.interceptor.ExposeInvocationInterceptor.invoke(ExposeInvocationInterceptor.java:92) ~[spring-aop-5.0.6.RELEASE.jar:5.0.6.RELEASE]
	at org.springframework.aop.framework.ReflectiveMethodInvocation.proceed(ReflectiveMethodInvocation.java:185) ~[spring-aop-5.0.6.RELEASE.jar:5.0.6.RELEASE]
	at org.springframework.aop.framework.CglibAopProxy$DynamicAdvisedInterceptor.intercept(CglibAopProxy.java:688) ~[spring-aop-5.0.6.RELEASE.jar:5.0.6.RELEASE]
	at com.exam.service.impl.SysConfigServiceImpl$$EnhancerBySpringCGLIB$$84f864f0.selectAll(<generated>) ~[classes/:na]
	at com.exam.component.ModuleService.get(ModuleService.java:44) ~[classes/:na]
	at sun.reflect.NativeMethodAccessorImpl.invoke0(Native Method) ~[na:1.8.0_221]
	at sun.reflect.NativeMethodAccessorImpl.invoke(NativeMethodAccessorImpl.java:62) ~[na:1.8.0_221]
	at sun.reflect.DelegatingMethodAccessorImpl.invoke(DelegatingMethodAccessorImpl.java:43) ~[na:1.8.0_221]
	at java.lang.reflect.Method.invoke(Method.java:498) ~[na:1.8.0_221]
	at org.springframework.expression.spel.support.ReflectiveMethodExecutor.execute(ReflectiveMethodExecutor.java:120) ~[spring-expression-5.0.6.RELEASE.jar:5.0.6.RELEASE]
	at org.springframework.expression.spel.ast.MethodReference.getValueInternal(MethodReference.java:111) ~[spring-expression-5.0.6.RELEASE.jar:5.0.6.RELEASE]
	at org.springframework.expression.spel.ast.MethodReference.getValueInternal(MethodReference.java:94) ~[spring-expression-5.0.6.RELEASE.jar:5.0.6.RELEASE]
	at org.springframework.expression.spel.ast.CompoundExpression.getValueRef(CompoundExpression.java:58) ~[spring-expression-5.0.6.RELEASE.jar:5.0.6.RELEASE]
	at org.springframework.expression.spel.ast.CompoundExpression.getValueInternal(CompoundExpression.java:88) ~[spring-expression-5.0.6.RELEASE.jar:5.0.6.RELEASE]
	at org.springframework.expression.spel.ast.SpelNodeImpl.getValue(SpelNodeImpl.java:111) ~[spring-expression-5.0.6.RELEASE.jar:5.0.6.RELEASE]
	at org.springframework.expression.spel.standard.SpelExpression.getValue(SpelExpression.java:334) ~[spring-expression-5.0.6.RELEASE.jar:5.0.6.RELEASE]
	at org.thymeleaf.spring5.expression.SPELVariableExpressionEvaluator.evaluate(SPELVariableExpressionEvaluator.java:263) ~[thymeleaf-spring5-3.0.9.RELEASE.jar:3.0.9.RELEASE]
	... 58 common frames omitted
Caused by: io.lettuce.core.RedisConnectionException: Unable to connect to localhost:6379
	at io.lettuce.core.RedisConnectionException.create(RedisConnectionException.java:56) ~[lettuce-core-5.0.4.RELEASE.jar:na]
	at io.lettuce.core.AbstractRedisClient.getConnection(AbstractRedisClient.java:233) ~[lettuce-core-5.0.4.RELEASE.jar:na]
	at io.lettuce.core.RedisClient.connectStandalone(RedisClient.java:253) ~[lettuce-core-5.0.4.RELEASE.jar:na]
	at io.lettuce.core.RedisClient.connect(RedisClient.java:202) ~[lettuce-core-5.0.4.RELEASE.jar:na]
	at org.springframework.data.redis.connection.lettuce.StandaloneConnectionProvider.getConnection(StandaloneConnectionProvider.java:56) ~[spring-data-redis-2.0.7.RELEASE.jar:2.0.7.RELEASE]
	at org.springframework.data.redis.connection.lettuce.LettuceConnectionFactory$SharedConnection.getNativeConnection(LettuceConnectionFactory.java:957) ~[spring-data-redis-2.0.7.RELEASE.jar:2.0.7.RELEASE]
	... 94 common frames omitted
Caused by: io.netty.channel.AbstractChannel$AnnotatedConnectException: Connection refused: no further information: localhost/127.0.0.1:6379
	at sun.nio.ch.SocketChannelImpl.checkConnect(Native Method) ~[na:1.8.0_221]
	at sun.nio.ch.SocketChannelImpl.finishConnect(SocketChannelImpl.java:717) ~[na:1.8.0_221]
	at io.netty.channel.socket.nio.NioSocketChannel.doFinishConnect(NioSocketChannel.java:325) ~[netty-transport-4.1.24.Final.jar:4.1.24.Final]
	at io.netty.channel.nio.AbstractNioChannel$AbstractNioUnsafe.finishConnect(AbstractNioChannel.java:340) ~[netty-transport-4.1.24.Final.jar:4.1.24.Final]
	at io.netty.channel.nio.NioEventLoop.processSelectedKey(NioEventLoop.java:633) ~[netty-transport-4.1.24.Final.jar:4.1.24.Final]
	at io.netty.channel.nio.NioEventLoop.processSelectedKeysOptimized(NioEventLoop.java:580) ~[netty-transport-4.1.24.Final.jar:4.1.24.Final]
	at io.netty.channel.nio.NioEventLoop.processSelectedKeys(NioEventLoop.java:497) ~[netty-transport-4.1.24.Final.jar:4.1.24.Final]
	at io.netty.channel.nio.NioEventLoop.run(NioEventLoop.java:459) ~[netty-transport-4.1.24.Final.jar:4.1.24.Final]
	at io.netty.util.concurrent.SingleThreadEventExecutor$5.run(SingleThreadEventExecutor.java:884) ~[netty-common-4.1.24.Final.jar:4.1.24.Final]
	at io.netty.util.concurrent.FastThreadLocalRunnable.run(FastThreadLocalRunnable.java:30) ~[netty-common-4.1.24.Final.jar:4.1.24.Final]
	... 1 common frames omitted
Caused by: java.net.ConnectException: Connection refused: no further information
	... 11 common frames omitted

2020-03-16 20:25:43.663 DEBUG 6952 --- [http-nio-80-exec-8] c.exam.mapper.SysConfigMapper.selectAll  : ==>  Preparing: SELECT id,sys_key,sys_value,status,remark FROM sys_config 
2020-03-16 20:25:43.664 DEBUG 6952 --- [http-nio-80-exec-8] c.exam.mapper.SysConfigMapper.selectAll  : ==> Parameters: 
2020-03-16 20:25:43.690 DEBUG 6952 --- [http-nio-80-exec-8] c.exam.mapper.SysConfigMapper.selectAll  : <==      Total: 8
2020-03-16 20:25:43.720  INFO 6952 --- [http-nio-80-exec-8] com.exam.aspect.RedisCacheAspect         : exam_com_exam_service_impl_SysConfigServiceImpl_selectAll()
2020-03-16 20:25:43.879  INFO 6952 --- [http-nio-80-exec-8] com.exam.aspect.RedisCacheAspect         : exam_com_exam_service_impl_SysConfigServiceImpl_selectAll()
2020-03-16 20:25:43.986 DEBUG 6952 --- [http-nio-80-exec-8] com.exam.mapper.LinkMapper.selectLinks   : ==>  Preparing: select id,`name`, url, description, img, email, qq, status, origin, remark, create_time, update_time FROM link WHERE 1=1 AND status = ? 
2020-03-16 20:25:43.988 DEBUG 6952 --- [http-nio-80-exec-8] com.exam.mapper.LinkMapper.selectLinks   : ==> Parameters: 1(Integer)
2020-03-16 20:25:44.040 DEBUG 6952 --- [http-nio-80-exec-8] com.exam.mapper.LinkMapper.selectLinks   : <==      Total: 3
2020-03-16 20:25:44.047  INFO 6952 --- [http-nio-80-exec-8] com.exam.aspect.RedisCacheAspect         : exam_com_exam_service_impl_SysConfigServiceImpl_selectAll()
2020-03-16 20:25:44.051  INFO 6952 --- [http-nio-80-exec-8] com.exam.aspect.RedisCacheAspect         : exam_com_exam_service_impl_SysConfigServiceImpl_selectAll()
2020-03-16 20:25:44.054  INFO 6952 --- [http-nio-80-exec-8] com.exam.aspect.RedisCacheAspect         : exam_com_exam_service_impl_SysConfigServiceImpl_selectAll()
2020-03-16 20:25:44.056  INFO 6952 --- [http-nio-80-exec-8] com.exam.aspect.RedisCacheAspect         : exam_com_exam_service_impl_SysConfigServiceImpl_selectAll()
2020-03-16 20:25:44.067  INFO 6952 --- [http-nio-80-exec-8] com.exam.aspect.RedisCacheAspect         : exam_com_exam_service_impl_SysConfigServiceImpl_selectAll()
2020-03-16 20:25:48.453  INFO 6952 --- [http-nio-80-exec-7] com.exam.aspect.RedisCacheAspect         : exam_com_exam_service_impl_SysConfigServiceImpl_selectAll()
2020-03-16 20:25:48.458  INFO 6952 --- [http-nio-80-exec-7] com.exam.aspect.RedisCacheAspect         : exam_com_exam_service_impl_SysConfigServiceImpl_selectAll()
2020-03-16 20:25:48.461 DEBUG 6952 --- [http-nio-80-exec-7] com.exam.mapper.LinkMapper.selectLinks   : ==>  Preparing: select id,`name`, url, description, img, email, qq, status, origin, remark, create_time, update_time FROM link WHERE 1=1 AND status = ? 
2020-03-16 20:25:48.461 DEBUG 6952 --- [http-nio-80-exec-7] com.exam.mapper.LinkMapper.selectLinks   : ==> Parameters: 1(Integer)
2020-03-16 20:25:48.465 DEBUG 6952 --- [http-nio-80-exec-7] com.exam.mapper.LinkMapper.selectLinks   : <==      Total: 3
2020-03-16 20:25:48.468  INFO 6952 --- [http-nio-80-exec-7] com.exam.aspect.RedisCacheAspect         : exam_com_exam_service_impl_SysConfigServiceImpl_selectAll()
2020-03-16 20:25:48.471  INFO 6952 --- [http-nio-80-exec-7] com.exam.aspect.RedisCacheAspect         : exam_com_exam_service_impl_SysConfigServiceImpl_selectAll()
2020-03-16 20:25:48.475  INFO 6952 --- [http-nio-80-exec-7] com.exam.aspect.RedisCacheAspect         : exam_com_exam_service_impl_SysConfigServiceImpl_selectAll()
2020-03-16 20:25:48.478  INFO 6952 --- [http-nio-80-exec-7] com.exam.aspect.RedisCacheAspect         : exam_com_exam_service_impl_SysConfigServiceImpl_selectAll()
2020-03-16 20:25:48.482  INFO 6952 --- [http-nio-80-exec-7] com.exam.aspect.RedisCacheAspect         : exam_com_exam_service_impl_SysConfigServiceImpl_selectAll()
2020-03-16 20:25:48.650  INFO 6952 --- [http-nio-80-exec-7] com.exam.controller.KaptchaController    : ====2fba
2020-03-16 20:26:18.447 DEBUG 6952 --- [http-nio-80-exec-6] c.e.mapper.UserMapper.selectByUsername   : ==>  Preparing: SELECT id, user_id, class_id, username, password, grade, salt, nickname, email, phone, sex, age, img, status, create_time, update_time, last_login_time FROM user WHERE username = ? 
2020-03-16 20:26:18.449 DEBUG 6952 --- [http-nio-80-exec-6] c.e.mapper.UserMapper.selectByUsername   : ==> Parameters: admin(String)
2020-03-16 20:26:18.477 DEBUG 6952 --- [http-nio-80-exec-6] c.e.mapper.UserMapper.selectByUsername   : <==      Total: 1
2020-03-16 20:26:18.511 DEBUG 6952 --- [http-nio-80-exec-6] c.e.m.UserMapper.updateLastLoginTime     : ==>  Preparing: update user SET last_login_time = now() where id = ? 
2020-03-16 20:26:18.515 DEBUG 6952 --- [http-nio-80-exec-6] c.e.m.UserMapper.updateLastLoginTime     : ==> Parameters: 1(Integer)
2020-03-16 20:26:18.550 DEBUG 6952 --- [http-nio-80-exec-6] c.e.m.UserMapper.updateLastLoginTime     : <==    Updates: 1
2020-03-16 20:26:19.635  INFO 6952 --- [http-nio-80-exec-5] com.exam.aspect.RedisCacheAspect         : exam_com_exam_service_impl_SysConfigServiceImpl_selectAll()
2020-03-16 20:26:19.650 DEBUG 6952 --- [http-nio-80-exec-5] c.e.mapper.RoleMapper.findRoleByUserId   : ==>  Preparing: SELECT r.role_id FROM role r LEFT JOIN user_role ur ON r.role_id = ur.role_id WHERE ur.user_id = ? 
2020-03-16 20:26:19.681 DEBUG 6952 --- [http-nio-80-exec-5] c.e.mapper.RoleMapper.findRoleByUserId   : ==> Parameters: 1(String)
2020-03-16 20:26:20.583 DEBUG 6952 --- [http-nio-80-exec-5] c.e.mapper.RoleMapper.findRoleByUserId   : <==      Total: 1
2020-03-16 20:26:20.587 DEBUG 6952 --- [http-nio-80-exec-5] c.e.m.P.findPermsByUserId                : ==>  Preparing: SELECT DISTINCT p.perms FROM permission p LEFT JOIN role_permission rp ON p.permission_id = rp.permission_id LEFT JOIN user_role ur on rp.role_id = ur.role_id WHERE ur.user_id = ? and p.perms is not null and p.perms!='' and p.status=1 
2020-03-16 20:26:20.595 DEBUG 6952 --- [http-nio-80-exec-5] c.e.m.P.findPermsByUserId                : ==> Parameters: 1(String)
2020-03-16 20:26:20.628 DEBUG 6952 --- [http-nio-80-exec-5] c.e.m.P.findPermsByUserId                : <==      Total: 93
2020-03-16 20:26:20.641  INFO 6952 --- [http-nio-80-exec-5] com.exam.aspect.RedisCacheAspect         : exam_com_exam_service_impl_SysConfigServiceImpl_selectAll()
2020-03-16 20:26:20.643 DEBUG 6952 --- [http-nio-80-exec-5] com.exam.mapper.LinkMapper.selectLinks   : ==>  Preparing: select id,`name`, url, description, img, email, qq, status, origin, remark, create_time, update_time FROM link WHERE 1=1 AND status = ? 
2020-03-16 20:26:20.643 DEBUG 6952 --- [http-nio-80-exec-5] com.exam.mapper.LinkMapper.selectLinks   : ==> Parameters: 1(Integer)
2020-03-16 20:26:20.645 DEBUG 6952 --- [http-nio-80-exec-5] com.exam.mapper.LinkMapper.selectLinks   : <==      Total: 3
2020-03-16 20:26:20.647  INFO 6952 --- [http-nio-80-exec-5] com.exam.aspect.RedisCacheAspect         : exam_com_exam_service_impl_SysConfigServiceImpl_selectAll()
2020-03-16 20:26:20.649  INFO 6952 --- [http-nio-80-exec-5] com.exam.aspect.RedisCacheAspect         : exam_com_exam_service_impl_SysConfigServiceImpl_selectAll()
2020-03-16 20:26:20.652  INFO 6952 --- [http-nio-80-exec-5] com.exam.aspect.RedisCacheAspect         : exam_com_exam_service_impl_SysConfigServiceImpl_selectAll()
2020-03-16 20:26:20.654  INFO 6952 --- [http-nio-80-exec-5] com.exam.aspect.RedisCacheAspect         : exam_com_exam_service_impl_SysConfigServiceImpl_selectAll()
2020-03-16 20:26:20.657  INFO 6952 --- [http-nio-80-exec-5] com.exam.aspect.RedisCacheAspect         : exam_com_exam_service_impl_SysConfigServiceImpl_selectAll()
2020-03-16 20:26:31.617  INFO 6952 --- [http-nio-80-exec-3] com.exam.aspect.RedisCacheAspect         : exam_com_exam_service_impl_SysConfigServiceImpl_selectAll()
2020-03-16 20:26:31.632  INFO 6952 --- [http-nio-80-exec-3] com.exam.aspect.RedisCacheAspect         : exam_com_exam_service_impl_SysConfigServiceImpl_selectAll()
2020-03-16 20:26:31.634 DEBUG 6952 --- [http-nio-80-exec-3] com.exam.mapper.LinkMapper.selectLinks   : ==>  Preparing: select id,`name`, url, description, img, email, qq, status, origin, remark, create_time, update_time FROM link WHERE 1=1 AND status = ? 
2020-03-16 20:26:31.634 DEBUG 6952 --- [http-nio-80-exec-3] com.exam.mapper.LinkMapper.selectLinks   : ==> Parameters: 1(Integer)
2020-03-16 20:26:31.636 DEBUG 6952 --- [http-nio-80-exec-3] com.exam.mapper.LinkMapper.selectLinks   : <==      Total: 3
2020-03-16 20:26:31.639  INFO 6952 --- [http-nio-80-exec-3] com.exam.aspect.RedisCacheAspect         : exam_com_exam_service_impl_SysConfigServiceImpl_selectAll()
2020-03-16 20:26:31.642  INFO 6952 --- [http-nio-80-exec-3] com.exam.aspect.RedisCacheAspect         : exam_com_exam_service_impl_SysConfigServiceImpl_selectAll()
2020-03-16 20:26:31.644  INFO 6952 --- [http-nio-80-exec-3] com.exam.aspect.RedisCacheAspect         : exam_com_exam_service_impl_SysConfigServiceImpl_selectAll()
2020-03-16 20:26:31.646  INFO 6952 --- [http-nio-80-exec-3] com.exam.aspect.RedisCacheAspect         : exam_com_exam_service_impl_SysConfigServiceImpl_selectAll()
2020-03-16 20:26:31.648  INFO 6952 --- [http-nio-80-exec-3] com.exam.aspect.RedisCacheAspect         : exam_com_exam_service_impl_SysConfigServiceImpl_selectAll()
2020-03-16 20:26:31.781 DEBUG 6952 --- [http-nio-80-exec-9] c.e.m.E.updateExamToStart                : ==>  Preparing: UPDATE examination SET status = 1 WHERE status = 0 AND start_time <= ? AND end_time > ? 
2020-03-16 20:26:31.783 DEBUG 6952 --- [http-nio-80-exec-9] c.e.m.E.updateExamToStart                : ==> Parameters: 2020-03-16 20:26:31.78(Timestamp), 2020-03-16 20:26:31.78(Timestamp)
2020-03-16 20:26:31.840 DEBUG 6952 --- [http-nio-80-exec-9] c.e.m.E.updateExamToStart                : <==    Updates: 0
2020-03-16 20:26:31.842 DEBUG 6952 --- [http-nio-80-exec-9] c.e.m.ExaminationMapper.updateExamToEnd  : ==>  Preparing: UPDATE examination SET status = 2 WHERE status <= 2 AND end_time <= ? 
2020-03-16 20:26:31.844 DEBUG 6952 --- [http-nio-80-exec-9] c.e.m.ExaminationMapper.updateExamToEnd  : ==> Parameters: 2020-03-16 20:26:31.841(Timestamp)
2020-03-16 20:26:31.848 DEBUG 6952 --- [http-nio-80-exec-9] c.e.m.ExaminationMapper.updateExamToEnd  : <==    Updates: 1
2020-03-16 20:26:31.851 DEBUG 6952 --- [http-nio-80-exec-9] c.e.m.UserMapper.selectRoleByUserId      : ==>  Preparing: SELECT r.name AS role_name FROM user u LEFT JOIN user_role ur ON u.user_id = ur.user_id LEFT JOIN role r ON ur.role_id = r.role_id WHERE u.user_id = ? 
2020-03-16 20:26:31.855 DEBUG 6952 --- [http-nio-80-exec-9] c.e.m.UserMapper.selectRoleByUserId      : ==> Parameters: 1(String)
2020-03-16 20:26:31.860 DEBUG 6952 --- [http-nio-80-exec-9] c.e.m.UserMapper.selectRoleByUserId      : <==      Total: 1
2020-03-16 20:26:31.917 DEBUG 6952 --- [http-nio-80-exec-9] c.e.m.E.findByCondition_COUNT            : ==>  Preparing: SELECT count(0) FROM examination a INNER JOIN classes c ON a.class_id = c.id INNER JOIN institute i ON c.ins_id = i.id INNER JOIN subject ON a.subject_id = subject.id WHERE 1 = 1 
2020-03-16 20:26:31.918 DEBUG 6952 --- [http-nio-80-exec-9] c.e.m.E.findByCondition_COUNT            : ==> Parameters: 
2020-03-16 20:26:31.976 DEBUG 6952 --- [http-nio-80-exec-9] c.e.m.E.findByCondition_COUNT            : <==      Total: 1
2020-03-16 20:26:31.978 DEBUG 6952 --- [http-nio-80-exec-9] c.e.m.ExaminationMapper.findByCondition  : ==>  Preparing: SELECT a.*, i.id AS institute_id, i.institute_name, i.description AS institute_description, c.id AS class_id, c.class_name, c.description AS class_description, subject.id AS s_subject_id, subject.`name` AS s_subject_name, subject.description AS s_subject_description FROM examination a INNER JOIN classes c ON a.class_id = c.id INNER JOIN institute i ON c.ins_id = i.id INNER JOIN subject ON a.subject_id = subject.id WHERE 1 = 1 order by a.id desc LIMIT ? 
2020-03-16 20:26:31.982 DEBUG 6952 --- [http-nio-80-exec-9] c.e.m.ExaminationMapper.findByCondition  : ==> Parameters: 5(Integer)
2020-03-16 20:26:31.985 DEBUG 6952 --- [http-nio-80-exec-9] c.e.m.ExaminationMapper.findByCondition  : <==      Total: 1
2020-03-16 20:26:31.988 DEBUG 6952 --- [http-nio-80-exec-9] c.e.m.E.listQuestionsByExamId            : ==>  Preparing: SELECT e.*, q.id AS question_id, q.title AS question_title, q.content AS question_content, q.question_type AS q_question_type, q.option_a AS question_option_a, q.option_b AS question_option_b, q.option_c AS question_option_c, q.option_d AS question_option_d, q.answer AS question_answer, q.parse AS question_parse, q.score AS question_score, q.difficulty AS question_difficulty, q.subject_id AS question_subject_id, q.create_time AS question_create_time, q.update_time AS question_update_time, q.status AS question_status FROM examination e INNER JOIN exam_question eq ON e.id = eq.exam_id INNER JOIN question q ON eq.question_id = q.id WHERE e.id IN ( ? ) 
2020-03-16 20:26:31.990 DEBUG 6952 --- [http-nio-80-exec-9] c.e.m.E.listQuestionsByExamId            : ==> Parameters: 4(Integer)
2020-03-16 20:26:32.060 DEBUG 6952 --- [http-nio-80-exec-9] c.e.m.E.listQuestionsByExamId            : <==      Total: 23
2020-03-16 20:26:41.690 DEBUG 6952 --- [http-nio-80-exec-4] com.exam.mapper.SubjectMapper.select     : ==>  Preparing: SELECT id,create_time,update_time,user_id,name,description,img_url,sort,author,status FROM subject 
2020-03-16 20:26:41.691 DEBUG 6952 --- [http-nio-80-exec-4] com.exam.mapper.SubjectMapper.select     : ==> Parameters: 
2020-03-16 20:26:41.693 DEBUG 6952 --- [http-nio-80-exec-4] com.exam.mapper.SubjectMapper.select     : <==      Total: 5
2020-03-16 20:26:41.695 DEBUG 6952 --- [http-nio-80-exec-4] c.e.m.QuestionMapper.countBySubjectId    : ==>  Preparing: select count(id) nums from question where question.subject_id=? 
2020-03-16 20:26:41.695 DEBUG 6952 --- [http-nio-80-exec-4] c.e.m.QuestionMapper.countBySubjectId    : ==> Parameters: 1(Integer)
2020-03-16 20:26:41.696 DEBUG 6952 --- [http-nio-80-exec-4] c.e.m.QuestionMapper.countBySubjectId    : <==      Total: 1
2020-03-16 20:26:41.697 DEBUG 6952 --- [http-nio-80-exec-4] c.e.m.QuestionMapper.countBySubjectId    : ==>  Preparing: select count(id) nums from question where question.subject_id=? 
2020-03-16 20:26:41.698 DEBUG 6952 --- [http-nio-80-exec-4] c.e.m.QuestionMapper.countBySubjectId    : ==> Parameters: 2(Integer)
2020-03-16 20:26:41.699 DEBUG 6952 --- [http-nio-80-exec-4] c.e.m.QuestionMapper.countBySubjectId    : <==      Total: 1
2020-03-16 20:26:41.702 DEBUG 6952 --- [http-nio-80-exec-4] c.e.m.QuestionMapper.countBySubjectId    : ==>  Preparing: select count(id) nums from question where question.subject_id=? 
2020-03-16 20:26:41.702 DEBUG 6952 --- [http-nio-80-exec-4] c.e.m.QuestionMapper.countBySubjectId    : ==> Parameters: 3(Integer)
2020-03-16 20:26:41.704 DEBUG 6952 --- [http-nio-80-exec-4] c.e.m.QuestionMapper.countBySubjectId    : <==      Total: 1
2020-03-16 20:26:41.705 DEBUG 6952 --- [http-nio-80-exec-4] c.e.m.QuestionMapper.countBySubjectId    : ==>  Preparing: select count(id) nums from question where question.subject_id=? 
2020-03-16 20:26:41.705 DEBUG 6952 --- [http-nio-80-exec-4] c.e.m.QuestionMapper.countBySubjectId    : ==> Parameters: 6(Integer)
2020-03-16 20:26:41.706 DEBUG 6952 --- [http-nio-80-exec-4] c.e.m.QuestionMapper.countBySubjectId    : <==      Total: 1
2020-03-16 20:26:41.707 DEBUG 6952 --- [http-nio-80-exec-4] c.e.m.QuestionMapper.countBySubjectId    : ==>  Preparing: select count(id) nums from question where question.subject_id=? 
2020-03-16 20:26:41.707 DEBUG 6952 --- [http-nio-80-exec-4] c.e.m.QuestionMapper.countBySubjectId    : ==> Parameters: 7(Integer)
2020-03-16 20:26:41.708 DEBUG 6952 --- [http-nio-80-exec-4] c.e.m.QuestionMapper.countBySubjectId    : <==      Total: 1
2020-03-16 20:26:41.789  INFO 6952 --- [http-nio-80-exec-4] com.exam.aspect.RedisCacheAspect         : exam_com_exam_service_impl_SysConfigServiceImpl_selectAll()
2020-03-16 20:26:41.810  INFO 6952 --- [http-nio-80-exec-4] com.exam.aspect.RedisCacheAspect         : exam_com_exam_service_impl_SysConfigServiceImpl_selectAll()
2020-03-16 20:26:41.812 DEBUG 6952 --- [http-nio-80-exec-4] com.exam.mapper.LinkMapper.selectLinks   : ==>  Preparing: select id,`name`, url, description, img, email, qq, status, origin, remark, create_time, update_time FROM link WHERE 1=1 AND status = ? 
2020-03-16 20:26:41.812 DEBUG 6952 --- [http-nio-80-exec-4] com.exam.mapper.LinkMapper.selectLinks   : ==> Parameters: 1(Integer)
2020-03-16 20:26:41.814 DEBUG 6952 --- [http-nio-80-exec-4] com.exam.mapper.LinkMapper.selectLinks   : <==      Total: 3
2020-03-16 20:26:41.816  INFO 6952 --- [http-nio-80-exec-4] com.exam.aspect.RedisCacheAspect         : exam_com_exam_service_impl_SysConfigServiceImpl_selectAll()
2020-03-16 20:26:41.819  INFO 6952 --- [http-nio-80-exec-4] com.exam.aspect.RedisCacheAspect         : exam_com_exam_service_impl_SysConfigServiceImpl_selectAll()
2020-03-16 20:26:41.825  INFO 6952 --- [http-nio-80-exec-4] com.exam.aspect.RedisCacheAspect         : exam_com_exam_service_impl_SysConfigServiceImpl_selectAll()
2020-03-16 20:26:41.827  INFO 6952 --- [http-nio-80-exec-4] com.exam.aspect.RedisCacheAspect         : exam_com_exam_service_impl_SysConfigServiceImpl_selectAll()
2020-03-16 20:26:41.830  INFO 6952 --- [http-nio-80-exec-4] com.exam.aspect.RedisCacheAspect         : exam_com_exam_service_impl_SysConfigServiceImpl_selectAll()
2020-03-16 20:26:49.804 DEBUG 6952 --- [http-nio-80-exec-3] c.e.m.E.selectAllByStatus                : ==>  Preparing: SELECT e.* FROM examination e INNER JOIN grade g ON e.id = g.exam_id WHERE g.status != ? group by e.title 
2020-03-16 20:26:49.806 DEBUG 6952 --- [http-nio-80-exec-3] c.e.m.E.selectAllByStatus                : ==> Parameters: 2(Integer)
2020-03-16 20:26:49.837 DEBUG 6952 --- [http-nio-80-exec-3] c.e.m.E.selectAllByStatus                : <==      Total: 1
2020-03-16 20:26:49.849  INFO 6952 --- [http-nio-80-exec-3] com.exam.aspect.RedisCacheAspect         : exam_com_exam_service_impl_SysConfigServiceImpl_selectAll()
2020-03-16 20:26:49.860  INFO 6952 --- [http-nio-80-exec-3] com.exam.aspect.RedisCacheAspect         : exam_com_exam_service_impl_SysConfigServiceImpl_selectAll()
2020-03-16 20:26:49.862 DEBUG 6952 --- [http-nio-80-exec-3] com.exam.mapper.LinkMapper.selectLinks   : ==>  Preparing: select id,`name`, url, description, img, email, qq, status, origin, remark, create_time, update_time FROM link WHERE 1=1 AND status = ? 
2020-03-16 20:26:49.862 DEBUG 6952 --- [http-nio-80-exec-3] com.exam.mapper.LinkMapper.selectLinks   : ==> Parameters: 1(Integer)
2020-03-16 20:26:49.867 DEBUG 6952 --- [http-nio-80-exec-3] com.exam.mapper.LinkMapper.selectLinks   : <==      Total: 3
2020-03-16 20:26:49.869  INFO 6952 --- [http-nio-80-exec-3] com.exam.aspect.RedisCacheAspect         : exam_com_exam_service_impl_SysConfigServiceImpl_selectAll()
2020-03-16 20:26:49.871  INFO 6952 --- [http-nio-80-exec-3] com.exam.aspect.RedisCacheAspect         : exam_com_exam_service_impl_SysConfigServiceImpl_selectAll()
2020-03-16 20:26:49.872  INFO 6952 --- [http-nio-80-exec-3] com.exam.aspect.RedisCacheAspect         : exam_com_exam_service_impl_SysConfigServiceImpl_selectAll()
2020-03-16 20:26:49.874  INFO 6952 --- [http-nio-80-exec-3] com.exam.aspect.RedisCacheAspect         : exam_com_exam_service_impl_SysConfigServiceImpl_selectAll()
2020-03-16 20:26:49.876  INFO 6952 --- [http-nio-80-exec-3] com.exam.aspect.RedisCacheAspect         : exam_com_exam_service_impl_SysConfigServiceImpl_selectAll()
2020-03-16 20:26:57.700  INFO 6952 --- [http-nio-80-exec-2] com.exam.aspect.RedisCacheAspect         : exam_com_exam_service_impl_SysConfigServiceImpl_selectAll()
2020-03-16 20:26:57.724  INFO 6952 --- [http-nio-80-exec-2] com.exam.aspect.RedisCacheAspect         : exam_com_exam_service_impl_SysConfigServiceImpl_selectAll()
2020-03-16 20:26:57.726  INFO 6952 --- [http-nio-80-exec-2] com.exam.aspect.RedisCacheAspect         : exam_com_exam_service_impl_SysConfigServiceImpl_selectAll()
2020-03-16 20:26:57.729 DEBUG 6952 --- [http-nio-80-exec-2] com.exam.mapper.TagMapper.selectTags     : ==>  Preparing: select id, `name`, description, create_time, update_time FROM tag WHERE 1=1 
2020-03-16 20:26:57.730 DEBUG 6952 --- [http-nio-80-exec-2] com.exam.mapper.TagMapper.selectTags     : ==> Parameters: 
2020-03-16 20:26:57.756 DEBUG 6952 --- [http-nio-80-exec-2] com.exam.mapper.TagMapper.selectTags     : <==      Total: 6
2020-03-16 20:26:57.757 DEBUG 6952 --- [http-nio-80-exec-2] com.exam.mapper.LinkMapper.selectLinks   : ==>  Preparing: select id,`name`, url, description, img, email, qq, status, origin, remark, create_time, update_time FROM link WHERE 1=1 AND status = ? 
2020-03-16 20:26:57.758 DEBUG 6952 --- [http-nio-80-exec-2] com.exam.mapper.LinkMapper.selectLinks   : ==> Parameters: 1(Integer)
2020-03-16 20:26:57.759 DEBUG 6952 --- [http-nio-80-exec-2] com.exam.mapper.LinkMapper.selectLinks   : <==      Total: 3
2020-03-16 20:26:57.760 DEBUG 6952 --- [http-nio-80-exec-2] com.exam.mapper.QuestionMapper.countNum  : ==>  Preparing: select count(id) questionNums from question 
2020-03-16 20:26:57.761 DEBUG 6952 --- [http-nio-80-exec-2] com.exam.mapper.QuestionMapper.countNum  : ==> Parameters: 
2020-03-16 20:26:57.761 DEBUG 6952 --- [http-nio-80-exec-2] com.exam.mapper.QuestionMapper.countNum  : <==      Total: 1
2020-03-16 20:26:57.762 DEBUG 6952 --- [http-nio-80-exec-2] com.exam.mapper.UserMapper.userNums      : ==>  Preparing: select count(id) userNums from user 
2020-03-16 20:26:57.762 DEBUG 6952 --- [http-nio-80-exec-2] com.exam.mapper.UserMapper.userNums      : ==> Parameters: 
2020-03-16 20:26:57.764 DEBUG 6952 --- [http-nio-80-exec-2] com.exam.mapper.UserMapper.userNums      : <==      Total: 1
2020-03-16 20:26:57.765 DEBUG 6952 --- [http-nio-80-exec-2] com.exam.mapper.SubjectMapper.totalNum   : ==>  Preparing: select count(id) nums from subject 
2020-03-16 20:26:57.765 DEBUG 6952 --- [http-nio-80-exec-2] com.exam.mapper.SubjectMapper.totalNum   : ==> Parameters: 
2020-03-16 20:26:57.766 DEBUG 6952 --- [http-nio-80-exec-2] com.exam.mapper.SubjectMapper.totalNum   : <==      Total: 1
2020-03-16 20:26:57.767 DEBUG 6952 --- [http-nio-80-exec-2] com.exam.mapper.QuestionMapper.countNum  : ==>  Preparing: select count(id) questionNums from question 
2020-03-16 20:26:57.767 DEBUG 6952 --- [http-nio-80-exec-2] com.exam.mapper.QuestionMapper.countNum  : ==> Parameters: 
2020-03-16 20:26:57.768 DEBUG 6952 --- [http-nio-80-exec-2] com.exam.mapper.QuestionMapper.countNum  : <==      Total: 1
2020-03-16 20:26:57.768 DEBUG 6952 --- [http-nio-80-exec-2] com.exam.mapper.UserMapper.userNums      : ==>  Preparing: select count(id) userNums from user 
2020-03-16 20:26:57.768 DEBUG 6952 --- [http-nio-80-exec-2] com.exam.mapper.UserMapper.userNums      : ==> Parameters: 
2020-03-16 20:26:57.769 DEBUG 6952 --- [http-nio-80-exec-2] com.exam.mapper.UserMapper.userNums      : <==      Total: 1
2020-03-16 20:26:57.770 DEBUG 6952 --- [http-nio-80-exec-2] com.exam.mapper.SubjectMapper.totalNum   : ==>  Preparing: select count(id) nums from subject 
2020-03-16 20:26:57.770 DEBUG 6952 --- [http-nio-80-exec-2] com.exam.mapper.SubjectMapper.totalNum   : ==> Parameters: 
2020-03-16 20:26:57.771 DEBUG 6952 --- [http-nio-80-exec-2] com.exam.mapper.SubjectMapper.totalNum   : <==      Total: 1
2020-03-16 20:26:57.772 DEBUG 6952 --- [http-nio-80-exec-2] com.exam.mapper.QuestionMapper.countNum  : ==>  Preparing: select count(id) questionNums from question 
2020-03-16 20:26:57.772 DEBUG 6952 --- [http-nio-80-exec-2] com.exam.mapper.QuestionMapper.countNum  : ==> Parameters: 
2020-03-16 20:26:57.773 DEBUG 6952 --- [http-nio-80-exec-2] com.exam.mapper.QuestionMapper.countNum  : <==      Total: 1
2020-03-16 20:26:57.774 DEBUG 6952 --- [http-nio-80-exec-2] com.exam.mapper.UserMapper.userNums      : ==>  Preparing: select count(id) userNums from user 
2020-03-16 20:26:57.774 DEBUG 6952 --- [http-nio-80-exec-2] com.exam.mapper.UserMapper.userNums      : ==> Parameters: 
2020-03-16 20:26:57.774 DEBUG 6952 --- [http-nio-80-exec-2] com.exam.mapper.UserMapper.userNums      : <==      Total: 1
2020-03-16 20:26:57.775 DEBUG 6952 --- [http-nio-80-exec-2] com.exam.mapper.SubjectMapper.totalNum   : ==>  Preparing: select count(id) nums from subject 
2020-03-16 20:26:57.775 DEBUG 6952 --- [http-nio-80-exec-2] com.exam.mapper.SubjectMapper.totalNum   : ==> Parameters: 
2020-03-16 20:26:57.776 DEBUG 6952 --- [http-nio-80-exec-2] com.exam.mapper.SubjectMapper.totalNum   : <==      Total: 1
2020-03-16 20:26:57.779  INFO 6952 --- [http-nio-80-exec-2] com.exam.aspect.RedisCacheAspect         : exam_com_exam_service_impl_SysConfigServiceImpl_selectAll()
2020-03-16 20:26:57.781 DEBUG 6952 --- [http-nio-80-exec-2] com.exam.mapper.LinkMapper.selectLinks   : ==>  Preparing: select id,`name`, url, description, img, email, qq, status, origin, remark, create_time, update_time FROM link WHERE 1=1 AND status = ? 
2020-03-16 20:26:57.781 DEBUG 6952 --- [http-nio-80-exec-2] com.exam.mapper.LinkMapper.selectLinks   : ==> Parameters: 1(Integer)
2020-03-16 20:26:57.783 DEBUG 6952 --- [http-nio-80-exec-2] com.exam.mapper.LinkMapper.selectLinks   : <==      Total: 3
2020-03-16 20:26:57.785  INFO 6952 --- [http-nio-80-exec-2] com.exam.aspect.RedisCacheAspect         : exam_com_exam_service_impl_SysConfigServiceImpl_selectAll()
2020-03-16 20:26:57.786  INFO 6952 --- [http-nio-80-exec-2] com.exam.aspect.RedisCacheAspect         : exam_com_exam_service_impl_SysConfigServiceImpl_selectAll()
2020-03-16 20:26:57.788  INFO 6952 --- [http-nio-80-exec-2] com.exam.aspect.RedisCacheAspect         : exam_com_exam_service_impl_SysConfigServiceImpl_selectAll()
2020-03-16 20:26:57.789  INFO 6952 --- [http-nio-80-exec-2] com.exam.aspect.RedisCacheAspect         : exam_com_exam_service_impl_SysConfigServiceImpl_selectAll()
2020-03-16 20:26:57.790  INFO 6952 --- [http-nio-80-exec-2] com.exam.aspect.RedisCacheAspect         : exam_com_exam_service_impl_SysConfigServiceImpl_selectAll()
2020-03-16 20:26:58.081 DEBUG 6952 --- [http-nio-80-exec-3] c.e.m.C.selectComments_COUNT             : ==>  Preparing: SELECT count(0) FROM (SELECT t.*, f.id AS parent_id, f.nickname AS parent_nickname, f.content AS parent_content, IFNULL(love.love_count, 0) AS love_count FROM comment t LEFT JOIN comment f ON t.pid = f.id LEFT JOIN (SELECT l.sup_id, count(1) AS love_count FROM love l WHERE l.love_type = 2 GROUP BY l.sup_id) love ON t.id = love.sup_id WHERE 1 = 1 AND t.sid = ? AND t.status = ?) table_count 
2020-03-16 20:26:58.084 DEBUG 6952 --- [http-nio-80-exec-3] c.e.m.C.selectComments_COUNT             : ==> Parameters: -1(Integer), 1(Integer)
2020-03-16 20:26:58.169 DEBUG 6952 --- [http-nio-80-exec-3] c.e.m.C.selectComments_COUNT             : <==      Total: 1
2020-03-16 20:26:58.170 DEBUG 6952 --- [http-nio-80-exec-3] c.e.mapper.CommentMapper.selectComments  : ==>  Preparing: SELECT t.*, f.id AS parent_id, f.nickname AS parent_nickname, f.content AS parent_content, IFNULL(love.love_count,0) AS love_count FROM comment t LEFT JOIN comment f ON t.pid = f.id LEFT JOIN ( SELECT l.sup_id, count(1) AS love_count FROM love l WHERE l.love_type=2 GROUP BY l.sup_id ) love ON t.id = love.sup_id WHERE 1 = 1 AND t.sid = ? AND t.status = ? ORDER BY t.create_time DESC LIMIT ? 
2020-03-16 20:26:58.171 DEBUG 6952 --- [http-nio-80-exec-3] c.e.mapper.CommentMapper.selectComments  : ==> Parameters: -1(Integer), 1(Integer), 10(Integer)
2020-03-16 20:26:58.173 DEBUG 6952 --- [http-nio-80-exec-3] c.e.mapper.CommentMapper.selectComments  : <==      Total: 2
2020-03-16 20:27:11.039 DEBUG 6952 --- [http-nio-80-exec-5] c.e.mapper.CommentMapper.noReadMessage   : ==>  Preparing: SELECT c.nickname, c.avatar, c.content, c.create_time FROM comment c WHERE c.status = 0 order by c.create_time desc 
2020-03-16 20:27:11.041 DEBUG 6952 --- [http-nio-80-exec-5] c.e.mapper.CommentMapper.noReadMessage   : ==> Parameters: 
2020-03-16 20:27:11.042 DEBUG 6952 --- [http-nio-80-exec-5] c.e.mapper.CommentMapper.noReadMessage   : <==      Total: 0
2020-03-16 20:27:11.068 DEBUG 6952 --- [http-nio-80-exec-7] c.e.m.P.selectMenuByUserId               : ==>  Preparing: SELECT DISTINCT p.id, p.permission_id, p.name, p.description, p.url, p.parent_id, p.icon, p.order_num FROM permission p LEFT JOIN role_permission rp ON p.permission_id = rp.permission_id LEFT JOIN user_role ur on rp.role_id = ur.role_id WHERE ur.user_id = ? and p.type in(0,1) and p.status=1 ORDER BY p.order_num 
2020-03-16 20:27:11.069 DEBUG 6952 --- [http-nio-80-exec-7] c.e.m.P.selectMenuByUserId               : ==> Parameters: 1(String)
2020-03-16 20:27:11.090 DEBUG 6952 --- [http-nio-80-exec-7] c.e.m.P.selectMenuByUserId               : <==      Total: 25
2020-03-16 20:27:11.112 DEBUG 6952 --- [http-nio-80-exec-1] c.e.m.E.updateExamToStart                : ==>  Preparing: UPDATE examination SET status = 1 WHERE status = 0 AND start_time <= ? AND end_time > ? 
2020-03-16 20:27:11.113 DEBUG 6952 --- [http-nio-80-exec-1] c.e.m.E.updateExamToStart                : ==> Parameters: 2020-03-16 20:27:11.112(Timestamp), 2020-03-16 20:27:11.112(Timestamp)
2020-03-16 20:27:11.114 DEBUG 6952 --- [http-nio-80-exec-1] c.e.m.E.updateExamToStart                : <==    Updates: 0
2020-03-16 20:27:11.115 DEBUG 6952 --- [http-nio-80-exec-1] c.e.m.ExaminationMapper.updateExamToEnd  : ==>  Preparing: UPDATE examination SET status = 2 WHERE status <= 2 AND end_time <= ? 
2020-03-16 20:27:11.115 DEBUG 6952 --- [http-nio-80-exec-1] c.e.m.ExaminationMapper.updateExamToEnd  : ==> Parameters: 2020-03-16 20:27:11.114(Timestamp)
2020-03-16 20:27:11.116 DEBUG 6952 --- [http-nio-80-exec-1] c.e.m.ExaminationMapper.updateExamToEnd  : <==    Updates: 1
2020-03-16 20:27:11.117 DEBUG 6952 --- [http-nio-80-exec-1] com.exam.mapper.QuestionMapper.countNum  : ==>  Preparing: select count(id) questionNums from question 
2020-03-16 20:27:11.117 DEBUG 6952 --- [http-nio-80-exec-1] com.exam.mapper.QuestionMapper.countNum  : ==> Parameters: 
2020-03-16 20:27:11.118 DEBUG 6952 --- [http-nio-80-exec-1] com.exam.mapper.QuestionMapper.countNum  : <==      Total: 1
2020-03-16 20:27:11.119 DEBUG 6952 --- [http-nio-80-exec-1] com.exam.mapper.UserMapper.userNums      : ==>  Preparing: select count(id) userNums from user 
2020-03-16 20:27:11.119 DEBUG 6952 --- [http-nio-80-exec-1] com.exam.mapper.UserMapper.userNums      : ==> Parameters: 
2020-03-16 20:27:11.122 DEBUG 6952 --- [http-nio-80-exec-1] com.exam.mapper.UserMapper.userNums      : <==      Total: 1
2020-03-16 20:27:11.123 DEBUG 6952 --- [http-nio-80-exec-1] com.exam.mapper.SubjectMapper.totalNum   : ==>  Preparing: select count(id) nums from subject 
2020-03-16 20:27:11.123 DEBUG 6952 --- [http-nio-80-exec-1] com.exam.mapper.SubjectMapper.totalNum   : ==> Parameters: 
2020-03-16 20:27:11.124 DEBUG 6952 --- [http-nio-80-exec-1] com.exam.mapper.SubjectMapper.totalNum   : <==      Total: 1
2020-03-16 20:27:11.124 DEBUG 6952 --- [http-nio-80-exec-1] com.exam.mapper.CommentMapper.totalNum   : ==>  Preparing: select count(id) nums FROM comment WHERE status = ? 
2020-03-16 20:27:11.125 DEBUG 6952 --- [http-nio-80-exec-1] com.exam.mapper.CommentMapper.totalNum   : ==> Parameters: 0(Integer)
2020-03-16 20:27:11.126 DEBUG 6952 --- [http-nio-80-exec-1] com.exam.mapper.CommentMapper.totalNum   : <==      Total: 1
2020-03-16 20:27:11.173 DEBUG 6952 --- [http-nio-80-exec-8] c.e.m.ExaminationMapper.recAddExamSta    : ==>  Preparing: select e.title, e.status, e.create_time, u.nickname, u.img from examination e INNER JOIN user u ON e.user_id = u.user_id order by e.create_time desc limit 4 
2020-03-16 20:27:11.185 DEBUG 6952 --- [http-nio-80-exec-8] c.e.m.ExaminationMapper.recAddExamSta    : ==> Parameters: 
2020-03-16 20:27:11.196 DEBUG 6952 --- [http-nio-80-exec-8] c.e.m.ExaminationMapper.recAddExamSta    : <==      Total: 1
2020-03-16 20:27:11.229 DEBUG 6952 --- [http-nio-80-exec-3] c.e.mapper.UserMapper.academyPassNumSta  : ==>  Preparing: SELECT COUNT(u.user_id) AS num, i.institute_name from user u INNER JOIN classes c ON u.class_id = c.id INNER JOIN institute i ON c.ins_id = i.id GROUP BY i.id 
2020-03-16 20:27:11.230 DEBUG 6952 --- [http-nio-80-exec-3] c.e.mapper.UserMapper.academyPassNumSta  : ==> Parameters: 
2020-03-16 20:27:11.231 DEBUG 6952 --- [http-nio-80-exec-3] c.e.mapper.UserMapper.academyPassNumSta  : <==      Total: 1
2020-03-16 20:27:23.301 DEBUG 6952 --- [http-nio-80-exec-4] c.e.mapper.SubjectMapper.selectSubjects  : ==>  Preparing: SELECT s.* FROM subject s WHERE 1=1 AND s.`status` = ? ORDER BY s.sort ASC 
2020-03-16 20:27:23.302 DEBUG 6952 --- [http-nio-80-exec-4] c.e.mapper.SubjectMapper.selectSubjects  : ==> Parameters: 0(Integer)
2020-03-16 20:27:23.304 DEBUG 6952 --- [http-nio-80-exec-4] c.e.mapper.SubjectMapper.selectSubjects  : <==      Total: 5
2020-03-16 20:27:23.305 DEBUG 6952 --- [http-nio-80-exec-4] c.e.mapper.UserMapper.selectGradeList    : ==>  Preparing: SELECT distinct grade FROM user 
2020-03-16 20:27:23.306 DEBUG 6952 --- [http-nio-80-exec-4] c.e.mapper.UserMapper.selectGradeList    : ==> Parameters: 
2020-03-16 20:27:23.306 DEBUG 6952 --- [http-nio-80-exec-4] c.e.mapper.UserMapper.selectGradeList    : <==      Total: 1
2020-03-16 20:27:23.309 DEBUG 6952 --- [http-nio-80-exec-4] com.exam.mapper.ClassesMapper.selectAll  : ==>  Preparing: SELECT id,create_time,update_time,ins_id,class_name,description,sort,author,status FROM classes 
2020-03-16 20:27:23.309 DEBUG 6952 --- [http-nio-80-exec-4] com.exam.mapper.ClassesMapper.selectAll  : ==> Parameters: 
2020-03-16 20:27:23.311 DEBUG 6952 --- [http-nio-80-exec-4] com.exam.mapper.ClassesMapper.selectAll  : <==      Total: 7
2020-03-16 20:27:23.427 DEBUG 6952 --- [http-nio-80-exec-10] c.e.m.Q.findByCondition_COUNT            : ==>  Preparing: SELECT count(0) FROM (SELECT a.*, subject.id AS s_subject_id, subject.`name` AS s_subject_name, subject.description AS s_subject_description FROM question a INNER JOIN subject ON a.subject_id = subject.id WHERE 1 = 1 GROUP BY a.id) table_count 
2020-03-16 20:27:23.428 DEBUG 6952 --- [http-nio-80-exec-10] c.e.m.Q.findByCondition_COUNT            : ==> Parameters: 
2020-03-16 20:27:23.529 DEBUG 6952 --- [http-nio-80-exec-10] c.e.m.Q.findByCondition_COUNT            : <==      Total: 1
2020-03-16 20:27:23.531 DEBUG 6952 --- [http-nio-80-exec-10] c.e.m.QuestionMapper.findByCondition     : ==>  Preparing: SELECT a.*, subject.id AS s_subject_id, subject.`name` AS s_subject_name, subject.description AS s_subject_description FROM question a INNER JOIN subject ON a.subject_id = subject.id WHERE 1 = 1 GROUP BY a.id LIMIT ? 
2020-03-16 20:27:23.533 DEBUG 6952 --- [http-nio-80-exec-10] c.e.m.QuestionMapper.findByCondition     : ==> Parameters: 10(Integer)
2020-03-16 20:27:23.545 DEBUG 6952 --- [http-nio-80-exec-10] c.e.m.QuestionMapper.findByCondition     : <==      Total: 10
2020-03-16 20:27:32.170 DEBUG 6952 --- [http-nio-80-exec-6] com.exam.mapper.SubjectMapper.select     : ==>  Preparing: SELECT id,create_time,update_time,user_id,name,description,img_url,sort,author,status FROM subject WHERE status = ? 
2020-03-16 20:27:32.173 DEBUG 6952 --- [http-nio-80-exec-6] com.exam.mapper.SubjectMapper.select     : ==> Parameters: 0(Integer)
2020-03-16 20:27:32.176 DEBUG 6952 --- [http-nio-80-exec-6] com.exam.mapper.SubjectMapper.select     : <==      Total: 5
2020-03-16 20:27:32.177 DEBUG 6952 --- [http-nio-80-exec-6] c.exam.mapper.InstituteMapper.selectAll  : ==>  Preparing: SELECT id,create_time,update_time,institute_name,description,institute_logo,sort,author,status FROM institute 
2020-03-16 20:27:32.178 DEBUG 6952 --- [http-nio-80-exec-6] c.exam.mapper.InstituteMapper.selectAll  : ==> Parameters: 
2020-03-16 20:27:32.180 DEBUG 6952 --- [http-nio-80-exec-6] c.exam.mapper.InstituteMapper.selectAll  : <==      Total: 6
2020-03-16 20:27:32.180 DEBUG 6952 --- [http-nio-80-exec-6] com.exam.mapper.ClassesMapper.selectAll  : ==>  Preparing: SELECT id,create_time,update_time,ins_id,class_name,description,sort,author,status FROM classes 
2020-03-16 20:27:32.180 DEBUG 6952 --- [http-nio-80-exec-6] com.exam.mapper.ClassesMapper.selectAll  : ==> Parameters: 
2020-03-16 20:27:32.182 DEBUG 6952 --- [http-nio-80-exec-6] com.exam.mapper.ClassesMapper.selectAll  : <==      Total: 7
2020-03-16 20:27:32.183 DEBUG 6952 --- [http-nio-80-exec-6] c.e.mapper.UserMapper.selectGradeList    : ==>  Preparing: SELECT distinct grade FROM user 
2020-03-16 20:27:32.183 DEBUG 6952 --- [http-nio-80-exec-6] c.e.mapper.UserMapper.selectGradeList    : ==> Parameters: 
2020-03-16 20:27:32.184 DEBUG 6952 --- [http-nio-80-exec-6] c.e.mapper.UserMapper.selectGradeList    : <==      Total: 1
2020-03-16 20:27:32.261 DEBUG 6952 --- [http-nio-80-exec-5] c.e.m.E.updateExamToStart                : ==>  Preparing: UPDATE examination SET status = 1 WHERE status = 0 AND start_time <= ? AND end_time > ? 
2020-03-16 20:27:32.262 DEBUG 6952 --- [http-nio-80-exec-5] c.e.m.E.updateExamToStart                : ==> Parameters: 2020-03-16 20:27:32.261(Timestamp), 2020-03-16 20:27:32.261(Timestamp)
2020-03-16 20:27:32.263 DEBUG 6952 --- [http-nio-80-exec-5] c.e.m.E.updateExamToStart                : <==    Updates: 0
2020-03-16 20:27:32.264 DEBUG 6952 --- [http-nio-80-exec-5] c.e.m.ExaminationMapper.updateExamToEnd  : ==>  Preparing: UPDATE examination SET status = 2 WHERE status <= 2 AND end_time <= ? 
2020-03-16 20:27:32.264 DEBUG 6952 --- [http-nio-80-exec-5] c.e.m.ExaminationMapper.updateExamToEnd  : ==> Parameters: 2020-03-16 20:27:32.264(Timestamp)
2020-03-16 20:27:32.266 DEBUG 6952 --- [http-nio-80-exec-5] c.e.m.ExaminationMapper.updateExamToEnd  : <==    Updates: 1
2020-03-16 20:27:32.267 DEBUG 6952 --- [http-nio-80-exec-5] c.e.m.UserMapper.selectRoleByUserId      : ==>  Preparing: SELECT r.name AS role_name FROM user u LEFT JOIN user_role ur ON u.user_id = ur.user_id LEFT JOIN role r ON ur.role_id = r.role_id WHERE u.user_id = ? 
2020-03-16 20:27:32.267 DEBUG 6952 --- [http-nio-80-exec-5] c.e.m.UserMapper.selectRoleByUserId      : ==> Parameters: 1(String)
2020-03-16 20:27:32.268 DEBUG 6952 --- [http-nio-80-exec-5] c.e.m.UserMapper.selectRoleByUserId      : <==      Total: 1
2020-03-16 20:27:32.269 DEBUG 6952 --- [http-nio-80-exec-5] c.e.m.E.findByCondition_COUNT            : ==>  Preparing: SELECT count(0) FROM examination a INNER JOIN classes c ON a.class_id = c.id INNER JOIN institute i ON c.ins_id = i.id INNER JOIN subject ON a.subject_id = subject.id WHERE 1 = 1 
2020-03-16 20:27:32.270 DEBUG 6952 --- [http-nio-80-exec-5] c.e.m.E.findByCondition_COUNT            : ==> Parameters: 
2020-03-16 20:27:32.271 DEBUG 6952 --- [http-nio-80-exec-5] c.e.m.E.findByCondition_COUNT            : <==      Total: 1
2020-03-16 20:27:32.272 DEBUG 6952 --- [http-nio-80-exec-5] c.e.m.ExaminationMapper.findByCondition  : ==>  Preparing: SELECT a.*, i.id AS institute_id, i.institute_name, i.description AS institute_description, c.id AS class_id, c.class_name, c.description AS class_description, subject.id AS s_subject_id, subject.`name` AS s_subject_name, subject.description AS s_subject_description FROM examination a INNER JOIN classes c ON a.class_id = c.id INNER JOIN institute i ON c.ins_id = i.id INNER JOIN subject ON a.subject_id = subject.id WHERE 1 = 1 order by a.id desc LIMIT ? 
2020-03-16 20:27:32.273 DEBUG 6952 --- [http-nio-80-exec-5] c.e.m.ExaminationMapper.findByCondition  : ==> Parameters: 10(Integer)
2020-03-16 20:27:32.275 DEBUG 6952 --- [http-nio-80-exec-5] c.e.m.ExaminationMapper.findByCondition  : <==      Total: 1
2020-03-16 20:27:32.276 DEBUG 6952 --- [http-nio-80-exec-5] c.e.m.E.listQuestionsByExamId            : ==>  Preparing: SELECT e.*, q.id AS question_id, q.title AS question_title, q.content AS question_content, q.question_type AS q_question_type, q.option_a AS question_option_a, q.option_b AS question_option_b, q.option_c AS question_option_c, q.option_d AS question_option_d, q.answer AS question_answer, q.parse AS question_parse, q.score AS question_score, q.difficulty AS question_difficulty, q.subject_id AS question_subject_id, q.create_time AS question_create_time, q.update_time AS question_update_time, q.status AS question_status FROM examination e INNER JOIN exam_question eq ON e.id = eq.exam_id INNER JOIN question q ON eq.question_id = q.id WHERE e.id IN ( ? ) 
2020-03-16 20:27:32.277 DEBUG 6952 --- [http-nio-80-exec-5] c.e.m.E.listQuestionsByExamId            : ==> Parameters: 4(Integer)
2020-03-16 20:27:32.284 DEBUG 6952 --- [http-nio-80-exec-5] c.e.m.E.listQuestionsByExamId            : <==      Total: 23
2020-03-16 20:27:45.466 DEBUG 6952 --- [http-nio-80-exec-1] c.e.m.S.selectSubjects_COUNT             : ==>  Preparing: SELECT count(0) FROM subject s WHERE 1 = 1 
2020-03-16 20:27:45.466 DEBUG 6952 --- [http-nio-80-exec-1] c.e.m.S.selectSubjects_COUNT             : ==> Parameters: 
2020-03-16 20:27:45.467 DEBUG 6952 --- [http-nio-80-exec-1] c.e.m.S.selectSubjects_COUNT             : <==      Total: 1
2020-03-16 20:27:45.468 DEBUG 6952 --- [http-nio-80-exec-1] c.e.mapper.SubjectMapper.selectSubjects  : ==>  Preparing: SELECT s.* FROM subject s WHERE 1=1 ORDER BY s.sort ASC LIMIT ? 
2020-03-16 20:27:45.470 DEBUG 6952 --- [http-nio-80-exec-1] c.e.mapper.SubjectMapper.selectSubjects  : ==> Parameters: 10(Integer)
2020-03-16 20:27:45.472 DEBUG 6952 --- [http-nio-80-exec-1] c.e.mapper.SubjectMapper.selectSubjects  : <==      Total: 5
2020-03-16 20:27:46.520 DEBUG 6952 --- [http-nio-80-exec-8] com.exam.mapper.SubjectMapper.select     : ==>  Preparing: SELECT id,create_time,update_time,user_id,name,description,img_url,sort,author,status FROM subject WHERE status = ? 
2020-03-16 20:27:46.521 DEBUG 6952 --- [http-nio-80-exec-8] com.exam.mapper.SubjectMapper.select     : ==> Parameters: 0(Integer)
2020-03-16 20:27:46.523 DEBUG 6952 --- [http-nio-80-exec-8] com.exam.mapper.SubjectMapper.select     : <==      Total: 5
2020-03-16 20:27:46.578 DEBUG 6952 --- [http-nio-80-exec-3] c.e.m.Q.findByCondition_COUNT            : ==>  Preparing: SELECT count(0) FROM (SELECT a.*, subject.id AS s_subject_id, subject.`name` AS s_subject_name, subject.description AS s_subject_description FROM question a INNER JOIN subject ON a.subject_id = subject.id WHERE 1 = 1 GROUP BY a.id) table_count 
2020-03-16 20:27:46.579 DEBUG 6952 --- [http-nio-80-exec-3] c.e.m.Q.findByCondition_COUNT            : ==> Parameters: 
2020-03-16 20:27:46.581 DEBUG 6952 --- [http-nio-80-exec-3] c.e.m.Q.findByCondition_COUNT            : <==      Total: 1
2020-03-16 20:27:46.582 DEBUG 6952 --- [http-nio-80-exec-3] c.e.m.QuestionMapper.findByCondition     : ==>  Preparing: SELECT a.*, subject.id AS s_subject_id, subject.`name` AS s_subject_name, subject.description AS s_subject_description FROM question a INNER JOIN subject ON a.subject_id = subject.id WHERE 1 = 1 GROUP BY a.id LIMIT ? 
2020-03-16 20:27:46.582 DEBUG 6952 --- [http-nio-80-exec-3] c.e.m.QuestionMapper.findByCondition     : ==> Parameters: 10(Integer)
2020-03-16 20:27:46.587 DEBUG 6952 --- [http-nio-80-exec-3] c.e.m.QuestionMapper.findByCondition     : <==      Total: 10
2020-03-16 20:27:56.846 DEBUG 6952 --- [http-nio-80-exec-9] c.e.mapper.UserMapper.selectGradeList    : ==>  Preparing: SELECT distinct grade FROM user 
2020-03-16 20:27:56.847 DEBUG 6952 --- [http-nio-80-exec-9] c.e.mapper.UserMapper.selectGradeList    : ==> Parameters: 
2020-03-16 20:27:56.849 DEBUG 6952 --- [http-nio-80-exec-9] c.e.mapper.UserMapper.selectGradeList    : <==      Total: 1
2020-03-16 20:27:56.850 DEBUG 6952 --- [http-nio-80-exec-9] c.exam.mapper.InstituteMapper.selectAll  : ==>  Preparing: SELECT id,create_time,update_time,institute_name,description,institute_logo,sort,author,status FROM institute 
2020-03-16 20:27:56.850 DEBUG 6952 --- [http-nio-80-exec-9] c.exam.mapper.InstituteMapper.selectAll  : ==> Parameters: 
2020-03-16 20:27:56.852 DEBUG 6952 --- [http-nio-80-exec-9] c.exam.mapper.InstituteMapper.selectAll  : <==      Total: 6
2020-03-16 20:27:56.852 DEBUG 6952 --- [http-nio-80-exec-9] com.exam.mapper.ClassesMapper.selectAll  : ==>  Preparing: SELECT id,create_time,update_time,ins_id,class_name,description,sort,author,status FROM classes 
2020-03-16 20:27:56.853 DEBUG 6952 --- [http-nio-80-exec-9] com.exam.mapper.ClassesMapper.selectAll  : ==> Parameters: 
2020-03-16 20:27:56.855 DEBUG 6952 --- [http-nio-80-exec-9] com.exam.mapper.ClassesMapper.selectAll  : <==      Total: 7
2020-03-16 20:27:56.856 DEBUG 6952 --- [http-nio-80-exec-9] com.exam.mapper.SubjectMapper.selectAll  : ==>  Preparing: SELECT id,create_time,update_time,user_id,name,description,img_url,sort,author,status FROM subject 
2020-03-16 20:27:56.856 DEBUG 6952 --- [http-nio-80-exec-9] com.exam.mapper.SubjectMapper.selectAll  : ==> Parameters: 
2020-03-16 20:27:56.857 DEBUG 6952 --- [http-nio-80-exec-9] com.exam.mapper.SubjectMapper.selectAll  : <==      Total: 5
2020-03-16 20:27:56.940 DEBUG 6952 --- [http-nio-80-exec-4] c.e.m.U.selectRoleByUserId_COUNT         : ==>  Preparing: SELECT count(0) FROM user u LEFT JOIN user_role ur ON u.user_id = ur.user_id LEFT JOIN role r ON ur.role_id = r.role_id WHERE u.user_id = ? 
2020-03-16 20:27:56.942 DEBUG 6952 --- [http-nio-80-exec-4] c.e.m.U.selectRoleByUserId_COUNT         : ==> Parameters: 1(String)
2020-03-16 20:27:56.943 DEBUG 6952 --- [http-nio-80-exec-4] c.e.m.U.selectRoleByUserId_COUNT         : <==      Total: 1
2020-03-16 20:27:56.944 DEBUG 6952 --- [http-nio-80-exec-4] c.e.m.UserMapper.selectRoleByUserId      : ==>  Preparing: SELECT r.name AS role_name FROM user u LEFT JOIN user_role ur ON u.user_id = ur.user_id LEFT JOIN role r ON ur.role_id = r.role_id WHERE u.user_id = ? LIMIT ? 
2020-03-16 20:27:56.947 DEBUG 6952 --- [http-nio-80-exec-4] c.e.m.UserMapper.selectRoleByUserId      : ==> Parameters: 1(String), 10(Integer)
2020-03-16 20:27:56.949 DEBUG 6952 --- [http-nio-80-exec-4] c.e.m.UserMapper.selectRoleByUserId      : <==      Total: 1
2020-03-16 20:27:56.952 DEBUG 6952 --- [http-nio-80-exec-4] c.e.mapper.GradeMapper.findByCondition   : ==>  Preparing: SELECT a.*, u.username as u_user_name, u.nickname as u_nick_name, u.grade as u_grade, i.institute_name, c.class_name, e.title as exam_title, e.total_score as exam_total_score, subject.`name` AS s_subject_name FROM grade a INNER JOIN user u ON a.user_id = u.user_id INNER JOIN classes c ON u.class_id = c.id INNER JOIN institute i ON c.ins_id = i.id INNER JOIN examination e ON a.exam_id = e.id INNER JOIN subject ON e.subject_id = subject.id WHERE 1 = 1 GROUP BY a.id 
2020-03-16 20:27:56.953 DEBUG 6952 --- [http-nio-80-exec-4] c.e.mapper.GradeMapper.findByCondition   : ==> Parameters: 
2020-03-16 20:27:56.956 DEBUG 6952 --- [http-nio-80-exec-4] c.e.mapper.GradeMapper.findByCondition   : <==      Total: 1
2020-03-16 20:27:58.782 DEBUG 6952 --- [http-nio-80-exec-2] c.e.m.GradeMapper.selectByPrimaryKey     : ==>  Preparing: SELECT id,create_time,update_time,user_id,exam_id,result,auto_result,manul_result,auto_json,manul_json,answer_json,status FROM grade WHERE id = ? 
2020-03-16 20:27:58.783 DEBUG 6952 --- [http-nio-80-exec-2] c.e.m.GradeMapper.selectByPrimaryKey     : ==> Parameters: 1(Integer)
2020-03-16 20:27:58.784 DEBUG 6952 --- [http-nio-80-exec-2] c.e.m.GradeMapper.selectByPrimaryKey     : <==      Total: 1
2020-03-16 20:27:58.785 DEBUG 6952 --- [http-nio-80-exec-2] c.e.m.ExaminationMapper.ExaminationById  : ==>  Preparing: SELECT e.*, subject.id AS s_subject_id, subject.`name` AS s_subject_name, q.id AS question_id, q.title AS question_title, q.content AS question_content, q.question_type AS q_question_type, q.option_a AS question_option_a, q.option_b AS question_option_b, q.option_c AS question_option_c, q.option_d AS question_option_d, q.answer AS question_answer, q.parse AS question_parse, q.score AS question_score, q.difficulty AS question_difficulty, q.subject_id AS question_subject_id, q.create_time AS question_create_time, q.update_time AS question_update_time, q.status AS question_status FROM examination e INNER JOIN exam_question eq ON e.id = eq.exam_id INNER JOIN subject ON e.subject_id = subject.id INNER JOIN question q ON eq.question_id = q.id WHERE e.id = ? 
2020-03-16 20:27:58.787 DEBUG 6952 --- [http-nio-80-exec-2] c.e.m.ExaminationMapper.ExaminationById  : ==> Parameters: 4(Integer)
2020-03-16 20:27:58.794 DEBUG 6952 --- [http-nio-80-exec-2] c.e.m.ExaminationMapper.ExaminationById  : <==      Total: 23
2020-03-16 20:27:58.795 DEBUG 6952 --- [http-nio-80-exec-2] c.exam.mapper.UserMapper.selectByUserId  : ==>  Preparing: SELECT u.*, i.institute_name, c.id AS class_id, c.class_name, r.name AS role_name FROM user u INNER JOIN classes c ON u.class_id = c.id INNER JOIN institute i ON c.ins_id = i.id LEFT JOIN user_role ur ON u.user_id = ur.user_id LEFT JOIN role r ON ur.role_id = r.role_id WHERE u.user_id = ? 
2020-03-16 20:27:58.801 DEBUG 6952 --- [http-nio-80-exec-2] c.exam.mapper.UserMapper.selectByUserId  : ==> Parameters: 1(String)
2020-03-16 20:27:58.803 DEBUG 6952 --- [http-nio-80-exec-2] c.exam.mapper.UserMapper.selectByUserId  : <==      Total: 1
2020-03-16 20:28:08.464 DEBUG 6952 --- [http-nio-80-exec-10] c.e.m.E.selectAllByStatus                : ==>  Preparing: SELECT e.* FROM examination e INNER JOIN grade g ON e.id = g.exam_id WHERE g.status != ? group by e.title 
2020-03-16 20:28:08.465 DEBUG 6952 --- [http-nio-80-exec-10] c.e.m.E.selectAllByStatus                : ==> Parameters: 0(Integer)
2020-03-16 20:28:08.466 DEBUG 6952 --- [http-nio-80-exec-10] c.e.m.E.selectAllByStatus                : <==      Total: 0
2020-03-16 20:28:08.467 DEBUG 6952 --- [http-nio-80-exec-10] c.e.mapper.UserMapper.selectGradeList    : ==>  Preparing: SELECT distinct grade FROM user 
2020-03-16 20:28:08.467 DEBUG 6952 --- [http-nio-80-exec-10] c.e.mapper.UserMapper.selectGradeList    : ==> Parameters: 
2020-03-16 20:28:08.468 DEBUG 6952 --- [http-nio-80-exec-10] c.e.mapper.UserMapper.selectGradeList    : <==      Total: 1
2020-03-16 20:28:08.468 DEBUG 6952 --- [http-nio-80-exec-10] c.exam.mapper.InstituteMapper.selectAll  : ==>  Preparing: SELECT id,create_time,update_time,institute_name,description,institute_logo,sort,author,status FROM institute 
2020-03-16 20:28:08.468 DEBUG 6952 --- [http-nio-80-exec-10] c.exam.mapper.InstituteMapper.selectAll  : ==> Parameters: 
2020-03-16 20:28:08.470 DEBUG 6952 --- [http-nio-80-exec-10] c.exam.mapper.InstituteMapper.selectAll  : <==      Total: 6
2020-03-16 20:28:08.471 DEBUG 6952 --- [http-nio-80-exec-10] com.exam.mapper.ClassesMapper.selectAll  : ==>  Preparing: SELECT id,create_time,update_time,ins_id,class_name,description,sort,author,status FROM classes 
2020-03-16 20:28:08.471 DEBUG 6952 --- [http-nio-80-exec-10] com.exam.mapper.ClassesMapper.selectAll  : ==> Parameters: 
2020-03-16 20:28:08.472 DEBUG 6952 --- [http-nio-80-exec-10] com.exam.mapper.ClassesMapper.selectAll  : <==      Total: 7
2020-03-16 20:28:08.472 DEBUG 6952 --- [http-nio-80-exec-10] com.exam.mapper.SubjectMapper.selectAll  : ==>  Preparing: SELECT id,create_time,update_time,user_id,name,description,img_url,sort,author,status FROM subject 
2020-03-16 20:28:08.472 DEBUG 6952 --- [http-nio-80-exec-10] com.exam.mapper.SubjectMapper.selectAll  : ==> Parameters: 
2020-03-16 20:28:08.473 DEBUG 6952 --- [http-nio-80-exec-10] com.exam.mapper.SubjectMapper.selectAll  : <==      Total: 5
2020-03-16 20:28:08.617 DEBUG 6952 --- [http-nio-80-exec-6] com.exam.mapper.GradeMapper.getUserNums  : ==>  Preparing: SELECT IFNULL((SELECT count(u.user_id) FROM grade g INNER JOIN examination e ON g.exam_id = e.id INNER JOIN subject ON e.subject_id = subject.id INNER JOIN user u ON g.user_id = u.user_id INNER JOIN classes c ON u.class_id = c.id INNER JOIN institute i ON c.ins_id = i.id WHERE 1 = 1 group by e.title),0) 
2020-03-16 20:28:08.635 DEBUG 6952 --- [http-nio-80-exec-6] com.exam.mapper.GradeMapper.getUserNums  : ==> Parameters: 
2020-03-16 20:28:08.636 DEBUG 6952 --- [http-nio-80-exec-6] com.exam.mapper.GradeMapper.getUserNums  : <==      Total: 1
2020-03-16 20:28:08.637 DEBUG 6952 --- [http-nio-80-exec-6] com.exam.mapper.GradeMapper.getUserNums  : ==>  Preparing: SELECT IFNULL((SELECT count(u.user_id) FROM grade g INNER JOIN examination e ON g.exam_id = e.id INNER JOIN subject ON e.subject_id = subject.id INNER JOIN user u ON g.user_id = u.user_id INNER JOIN classes c ON u.class_id = c.id INNER JOIN institute i ON c.ins_id = i.id WHERE 1 = 1 AND g.status = ? group by e.title),0) 
2020-03-16 20:28:08.638 DEBUG 6952 --- [http-nio-80-exec-6] com.exam.mapper.GradeMapper.getUserNums  : ==> Parameters: 0(Integer)
2020-03-16 20:28:08.639 DEBUG 6952 --- [http-nio-80-exec-6] com.exam.mapper.GradeMapper.getUserNums  : <==      Total: 1
2020-03-16 20:28:08.640 DEBUG 6952 --- [http-nio-80-exec-6] com.exam.mapper.GradeMapper.getUserNums  : ==>  Preparing: SELECT IFNULL((SELECT count(u.user_id) FROM grade g INNER JOIN examination e ON g.exam_id = e.id INNER JOIN subject ON e.subject_id = subject.id INNER JOIN user u ON g.user_id = u.user_id INNER JOIN classes c ON u.class_id = c.id INNER JOIN institute i ON c.ins_id = i.id WHERE 1 = 1 AND g.status = ? group by e.title),0) 
2020-03-16 20:28:08.641 DEBUG 6952 --- [http-nio-80-exec-6] com.exam.mapper.GradeMapper.getUserNums  : ==> Parameters: 1(Integer)
2020-03-16 20:28:08.642 DEBUG 6952 --- [http-nio-80-exec-6] com.exam.mapper.GradeMapper.getUserNums  : <==      Total: 1
2020-03-16 20:28:08.642 DEBUG 6952 --- [http-nio-80-exec-6] com.exam.mapper.GradeMapper.getUserNums  : ==>  Preparing: SELECT IFNULL((SELECT count(u.user_id) FROM grade g INNER JOIN examination e ON g.exam_id = e.id INNER JOIN subject ON e.subject_id = subject.id INNER JOIN user u ON g.user_id = u.user_id INNER JOIN classes c ON u.class_id = c.id INNER JOIN institute i ON c.ins_id = i.id WHERE 1 = 1 AND g.status = ? group by e.title),0) 
2020-03-16 20:28:08.643 DEBUG 6952 --- [http-nio-80-exec-6] com.exam.mapper.GradeMapper.getUserNums  : ==> Parameters: 3(Integer)
2020-03-16 20:28:08.643 DEBUG 6952 --- [http-nio-80-exec-6] com.exam.mapper.GradeMapper.getUserNums  : <==      Total: 1
2020-03-16 20:28:08.644 DEBUG 6952 --- [http-nio-80-exec-6] com.exam.mapper.GradeMapper.getUserNums  : ==>  Preparing: SELECT IFNULL((SELECT count(u.user_id) FROM grade g INNER JOIN examination e ON g.exam_id = e.id INNER JOIN subject ON e.subject_id = subject.id INNER JOIN user u ON g.user_id = u.user_id INNER JOIN classes c ON u.class_id = c.id INNER JOIN institute i ON c.ins_id = i.id WHERE 1 = 1 AND g.status = ? group by e.title),0) 
2020-03-16 20:28:08.645 DEBUG 6952 --- [http-nio-80-exec-6] com.exam.mapper.GradeMapper.getUserNums  : ==> Parameters: 4(Integer)
2020-03-16 20:28:08.646 DEBUG 6952 --- [http-nio-80-exec-6] com.exam.mapper.GradeMapper.getUserNums  : <==      Total: 1
2020-03-16 20:28:08.648 DEBUG 6952 --- [http-nio-80-exec-6] com.exam.mapper.GradeMapper.getUserNums  : ==>  Preparing: SELECT IFNULL((SELECT count(u.user_id) FROM grade g INNER JOIN examination e ON g.exam_id = e.id INNER JOIN subject ON e.subject_id = subject.id INNER JOIN user u ON g.user_id = u.user_id INNER JOIN classes c ON u.class_id = c.id INNER JOIN institute i ON c.ins_id = i.id WHERE 1 = 1 AND g.status = ? group by e.title),0) 
2020-03-16 20:28:08.648 DEBUG 6952 --- [http-nio-80-exec-6] com.exam.mapper.GradeMapper.getUserNums  : ==> Parameters: 2(Integer)
2020-03-16 20:28:08.649 DEBUG 6952 --- [http-nio-80-exec-6] com.exam.mapper.GradeMapper.getUserNums  : <==      Total: 1
2020-03-16 20:28:19.922 DEBUG 6952 --- [http-nio-80-exec-9] c.exam.mapper.InstituteMapper.selectAll  : ==>  Preparing: SELECT id,create_time,update_time,institute_name,description,institute_logo,sort,author,status FROM institute 
2020-03-16 20:28:19.922 DEBUG 6952 --- [http-nio-80-exec-9] c.exam.mapper.InstituteMapper.selectAll  : ==> Parameters: 
2020-03-16 20:28:19.924 DEBUG 6952 --- [http-nio-80-exec-9] c.exam.mapper.InstituteMapper.selectAll  : <==      Total: 6
2020-03-16 20:28:19.924 DEBUG 6952 --- [http-nio-80-exec-9] com.exam.mapper.ClassesMapper.selectAll  : ==>  Preparing: SELECT id,create_time,update_time,ins_id,class_name,description,sort,author,status FROM classes 
2020-03-16 20:28:19.925 DEBUG 6952 --- [http-nio-80-exec-9] com.exam.mapper.ClassesMapper.selectAll  : ==> Parameters: 
2020-03-16 20:28:19.926 DEBUG 6952 --- [http-nio-80-exec-9] com.exam.mapper.ClassesMapper.selectAll  : <==      Total: 7
2020-03-16 20:28:19.928 DEBUG 6952 --- [http-nio-80-exec-9] c.e.mapper.UserMapper.selectGradeList    : ==>  Preparing: SELECT distinct grade FROM user 
2020-03-16 20:28:19.928 DEBUG 6952 --- [http-nio-80-exec-9] c.e.mapper.UserMapper.selectGradeList    : ==> Parameters: 
2020-03-16 20:28:19.929 DEBUG 6952 --- [http-nio-80-exec-9] c.e.mapper.UserMapper.selectGradeList    : <==      Total: 1
2020-03-16 20:28:20.003 DEBUG 6952 --- [http-nio-80-exec-4] c.e.m.UserMapper.findByCondition_COUNT   : ==>  Preparing: SELECT count(0) FROM user u INNER JOIN classes c ON u.class_id = c.id INNER JOIN institute i ON c.ins_id = i.id LEFT JOIN user_role ur ON u.user_id = ur.user_id LEFT JOIN role r ON ur.role_id = r.role_id WHERE 1 = 1 
2020-03-16 20:28:20.003 DEBUG 6952 --- [http-nio-80-exec-4] c.e.m.UserMapper.findByCondition_COUNT   : ==> Parameters: 
2020-03-16 20:28:20.004 DEBUG 6952 --- [http-nio-80-exec-4] c.e.m.UserMapper.findByCondition_COUNT   : <==      Total: 1
2020-03-16 20:28:20.005 DEBUG 6952 --- [http-nio-80-exec-4] c.e.mapper.UserMapper.findByCondition    : ==>  Preparing: SELECT u.*, i.id AS institute_id, i.institute_name, i.description AS institute_description, c.id AS class_id, c.class_name, c.description AS class_description, r.role_id AS role_id, r.name AS role_name, r.description AS role_description FROM user u INNER JOIN classes c ON u.class_id = c.id INNER JOIN institute i ON c.ins_id = i.id LEFT JOIN user_role ur ON u.user_id = ur.user_id LEFT JOIN role r ON ur.role_id = r.role_id WHERE 1=1 order by u.id asc LIMIT ? 
2020-03-16 20:28:20.006 DEBUG 6952 --- [http-nio-80-exec-4] c.e.mapper.UserMapper.findByCondition    : ==> Parameters: 10(Integer)
2020-03-16 20:28:20.007 DEBUG 6952 --- [http-nio-80-exec-4] c.e.mapper.UserMapper.findByCondition    : <==      Total: 1
